{"meta": {"format": 3, "version": "7.13.2", "timestamp": "2026-02-26T17:16:58.609975", "branch_coverage": false, "show_contexts": false}, "files": {"src/todopro_cli/__init__.py": {"executed_lines": [3], "summary": {"covered_lines": 1, "num_statements": 1, "percent_covered": 100.0, "percent_covered_display": "100", "missing_lines": 0, "excluded_lines": 0, "percent_statements_covered": 100.0, "percent_statements_covered_display": "100"}, "missing_lines": [], "excluded_lines": [], "functions": {"": {"executed_lines": [3], "summary": {"covered_lines": 1, "num_statements": 1, "percent_covered": 100.0, "percent_covered_display": "100", "missing_lines": 0, "excluded_lines": 0, "percent_statements_covered": 100.0, "percent_statements_covered_display": "100"}, "missing_lines": [], "excluded_lines": [], "start_line": 1}}, "classes": {"": {"executed_lines": [3], "summary": {"covered_lines": 1, "num_statements": 1, "percent_covered": 100.0, "percent_covered_display": "100", "missing_lines": 0, "excluded_lines": 0, "percent_statements_covered": 100.0, "percent_statements_covered_display": "100"}, "missing_lines": [], "excluded_lines": [], "start_line": 1}}}, "src/todopro_cli/adapters/__init__.py": {"executed_lines": [8, 14, 21], "summary": {"covered_lines": 3, "num_statements": 3, "percent_covered": 100.0, "percent_covered_display": "100", "missing_lines": 0, "excluded_lines": 0, "percent_statements_covered": 100.0, "percent_statements_covered_display": "100"}, "missing_lines": [], "excluded_lines": [], "functions": {"": {"executed_lines": [8, 14, 21], "summary": {"covered_lines": 3, "num_statements": 3, "percent_covered": 100.0, "percent_covered_display": "100", "missing_lines": 0, "excluded_lines": 0, "percent_statements_covered": 100.0, "percent_statements_covered_display": "100"}, "missing_lines": [], "excluded_lines": [], "start_line": 1}}, "classes": {"": {"executed_lines": [8, 14, 21], "summary": {"covered_lines": 3, "num_statements": 3, "percent_covered": 100.0, "percent_covered_display": "100", "missing_lines": 0, "excluded_lines": 0, "percent_statements_covered": 100.0, "percent_statements_covered_display": "100"}, "missing_lines": [], "excluded_lines": [], "start_line": 1}}}, "src/todopro_cli/adapters/rest_api.py": {"executed_lines": [6, 8, 10, 24, 30, 31, 32, 33, 36, 39, 45, 46, 47, 49, 50, 52, 53, 55, 56, 58, 59, 61, 62, 63, 64, 65, 67, 76, 77, 80, 81, 89, 90, 91, 92, 93, 95, 97, 106, 107, 110, 111, 117, 118, 120, 122, 124, 126, 127, 128, 129, 130, 131, 132, 133, 134, 135, 136, 137, 138, 139, 141, 144, 147, 148, 152, 154, 156, 159, 160, 162, 164, 166, 169, 170, 173, 174, 176, 179, 180, 182, 184, 186, 189, 193, 194, 196, 199, 200, 202, 204, 206, 207, 209, 211, 214, 215, 217, 219, 223, 226, 227, 230, 235, 238, 239, 240, 241, 242, 245, 248, 250, 251, 253, 254, 256, 257, 258, 259, 260, 262, 266, 267, 270, 273, 274, 275, 276, 277, 278, 279, 280, 281, 283, 285, 287, 288, 290, 292, 293, 294, 296, 298, 299, 300, 302, 304, 305, 307, 309, 310, 312, 314, 315, 317, 319, 322, 325, 328, 329, 331, 332, 334, 335, 336, 337, 338, 340, 342, 343, 344, 346, 348, 349, 351, 353, 354, 355, 357, 359, 360, 362, 365, 366, 367, 372, 402, 405, 407, 408, 410, 411, 412, 414, 416, 417, 420, 421, 423, 430, 432, 433, 435, 437, 439, 440, 442, 449, 450, 452, 454, 461, 462, 464, 471, 472, 474, 476, 477, 478, 479, 480, 482, 490, 491, 497, 498, 499, 506, 508, 509, 511], "summary": {"covered_lines": 232, "num_statements": 234, "percent_covered": 99.14529914529915, "percent_covered_display": "99", "missing_lines": 2, "excluded_lines": 0, "percent_statements_covered": 99.14529914529915, "percent_statements_covered_display": "99"}, "missing_lines": [190, 231], "excluded_lines": [], "functions": {"RestApiTaskRepository.__init__": {"executed_lines": [45, 46, 47], "summary": {"covered_lines": 3, "num_statements": 3, "percent_covered": 100.0, "percent_covered_display": "100", "missing_lines": 0, "excluded_lines": 0, "percent_statements_covered": 100.0, "percent_statements_covered_display": "100"}, "missing_lines": [], "excluded_lines": [], "start_line": 39}, "RestApiTaskRepository.e2ee": {"executed_lines": [52, 53, 55, 56], "summary": {"covered_lines": 4, "num_statements": 4, "percent_covered": 100.0, "percent_covered_display": "100", "missing_lines": 0, "excluded_lines": 0, "percent_statements_covered": 100.0, "percent_statements_covered_display": "100"}, "missing_lines": [], "excluded_lines": [], "start_line": 50}, "RestApiTaskRepository.tasks_api": {"executed_lines": [61, 62, 63, 64, 65], "summary": {"covered_lines": 5, "num_statements": 5, "percent_covered": 100.0, "percent_covered_display": "100", "missing_lines": 0, "excluded_lines": 0, "percent_statements_covered": 100.0, "percent_statements_covered_display": "100"}, "missing_lines": [], "excluded_lines": [], "start_line": 59}, "RestApiTaskRepository._encrypt_task_fields": {"executed_lines": [76, 77, 80, 81, 89, 90, 91, 92, 93, 95], "summary": {"covered_lines": 10, "num_statements": 10, "percent_covered": 100.0, "percent_covered_display": "100", "missing_lines": 0, "excluded_lines": 0, "percent_statements_covered": 100.0, "percent_statements_covered_display": "100"}, "missing_lines": [], "excluded_lines": [], "start_line": 67}, "RestApiTaskRepository._decrypt_task_fields": {"executed_lines": [106, 107, 110, 111, 117, 118, 120], "summary": {"covered_lines": 7, "num_statements": 7, "percent_covered": 100.0, "percent_covered_display": "100", "missing_lines": 0, "excluded_lines": 0, "percent_statements_covered": 100.0, "percent_statements_covered_display": "100"}, "missing_lines": [], "excluded_lines": [], "start_line": 97}, "RestApiTaskRepository.list_all": {"executed_lines": [124, 126, 127, 128, 129, 130, 131, 132, 133, 134, 135, 136, 137, 138, 139, 141, 144, 147, 148, 152], "summary": {"covered_lines": 20, "num_statements": 20, "percent_covered": 100.0, "percent_covered_display": "100", "missing_lines": 0, "excluded_lines": 0, "percent_statements_covered": 100.0, "percent_statements_covered_display": "100"}, "missing_lines": [], "excluded_lines": [], "start_line": 122}, "RestApiTaskRepository.get": {"executed_lines": [156, 159, 160, 162], "summary": {"covered_lines": 4, "num_statements": 4, "percent_covered": 100.0, "percent_covered_display": "100", "missing_lines": 0, "excluded_lines": 0, "percent_statements_covered": 100.0, "percent_statements_covered_display": "100"}, "missing_lines": [], "excluded_lines": [], "start_line": 154}, "RestApiTaskRepository.add": {"executed_lines": [166, 169, 170, 173, 174, 176, 179, 180, 182], "summary": {"covered_lines": 9, "num_statements": 9, "percent_covered": 100.0, "percent_covered_display": "100", "missing_lines": 0, "excluded_lines": 0, "percent_statements_covered": 100.0, "percent_statements_covered_display": "100"}, "missing_lines": [], "excluded_lines": [], "start_line": 164}, "RestApiTaskRepository.update": {"executed_lines": [186, 189, 193, 194, 196, 199, 200, 202], "summary": {"covered_lines": 8, "num_statements": 9, "percent_covered": 88.88888888888889, "percent_covered_display": "89", "missing_lines": 1, "excluded_lines": 0, "percent_statements_covered": 88.88888888888889, "percent_statements_covered_display": "89"}, "missing_lines": [190], "excluded_lines": [], "start_line": 184}, "RestApiTaskRepository.delete": {"executed_lines": [206, 207], "summary": {"covered_lines": 2, "num_statements": 2, "percent_covered": 100.0, "percent_covered_display": "100", "missing_lines": 0, "excluded_lines": 0, "percent_statements_covered": 100.0, "percent_statements_covered_display": "100"}, "missing_lines": [], "excluded_lines": [], "start_line": 204}, "RestApiTaskRepository.complete": {"executed_lines": [211, 214, 215, 217], "summary": {"covered_lines": 4, "num_statements": 4, "percent_covered": 100.0, "percent_covered_display": "100", "missing_lines": 0, "excluded_lines": 0, "percent_statements_covered": 100.0, "percent_statements_covered_display": "100"}, "missing_lines": [], "excluded_lines": [], "start_line": 209}, "RestApiTaskRepository.bulk_update": {"executed_lines": [223, 226, 227, 230, 235, 238, 239, 240, 241, 242], "summary": {"covered_lines": 10, "num_statements": 11, "percent_covered": 90.9090909090909, "percent_covered_display": "91", "missing_lines": 1, "excluded_lines": 0, "percent_statements_covered": 90.9090909090909, "percent_statements_covered_display": "91"}, "missing_lines": [231], "excluded_lines": [], "start_line": 219}, "RestApiProjectRepository.__init__": {"executed_lines": [250, 251], "summary": {"covered_lines": 2, "num_statements": 2, "percent_covered": 100.0, "percent_covered_display": "100", "missing_lines": 0, "excluded_lines": 0, "percent_statements_covered": 100.0, "percent_statements_covered_display": "100"}, "missing_lines": [], "excluded_lines": [], "start_line": 248}, "RestApiProjectRepository.projects_api": {"executed_lines": [256, 257, 258, 259, 260], "summary": {"covered_lines": 5, "num_statements": 5, "percent_covered": 100.0, "percent_covered_display": "100", "missing_lines": 0, "excluded_lines": 0, "percent_statements_covered": 100.0, "percent_statements_covered_display": "100"}, "missing_lines": [], "excluded_lines": [], "start_line": 254}, "RestApiProjectRepository.list_all": {"executed_lines": [266, 267, 270, 273, 274, 275, 276, 277, 278, 279, 280, 281, 283], "summary": {"covered_lines": 13, "num_statements": 13, "percent_covered": 100.0, "percent_covered_display": "100", "missing_lines": 0, "excluded_lines": 0, "percent_statements_covered": 100.0, "percent_statements_covered_display": "100"}, "missing_lines": [], "excluded_lines": [], "start_line": 262}, "RestApiProjectRepository.get": {"executed_lines": [287, 288], "summary": {"covered_lines": 2, "num_statements": 2, "percent_covered": 100.0, "percent_covered_display": "100", "missing_lines": 0, "excluded_lines": 0, "percent_statements_covered": 100.0, "percent_statements_covered_display": "100"}, "missing_lines": [], "excluded_lines": [], "start_line": 285}, "RestApiProjectRepository.create": {"executed_lines": [292, 293, 294], "summary": {"covered_lines": 3, "num_statements": 3, "percent_covered": 100.0, "percent_covered_display": "100", "missing_lines": 0, "excluded_lines": 0, "percent_statements_covered": 100.0, "percent_statements_covered_display": "100"}, "missing_lines": [], "excluded_lines": [], "start_line": 290}, "RestApiProjectRepository.update": {"executed_lines": [298, 299, 300], "summary": {"covered_lines": 3, "num_statements": 3, "percent_covered": 100.0, "percent_covered_display": "100", "missing_lines": 0, "excluded_lines": 0, "percent_statements_covered": 100.0, "percent_statements_covered_display": "100"}, "missing_lines": [], "excluded_lines": [], "start_line": 296}, "RestApiProjectRepository.delete": {"executed_lines": [304, 305], "summary": {"covered_lines": 2, "num_statements": 2, "percent_covered": 100.0, "percent_covered_display": "100", "missing_lines": 0, "excluded_lines": 0, "percent_statements_covered": 100.0, "percent_statements_covered_display": "100"}, "missing_lines": [], "excluded_lines": [], "start_line": 302}, "RestApiProjectRepository.archive": {"executed_lines": [309, 310], "summary": {"covered_lines": 2, "num_statements": 2, "percent_covered": 100.0, "percent_covered_display": "100", "missing_lines": 0, "excluded_lines": 0, "percent_statements_covered": 100.0, "percent_statements_covered_display": "100"}, "missing_lines": [], "excluded_lines": [], "start_line": 307}, "RestApiProjectRepository.unarchive": {"executed_lines": [314, 315], "summary": {"covered_lines": 2, "num_statements": 2, "percent_covered": 100.0, "percent_covered_display": "100", "missing_lines": 0, "excluded_lines": 0, "percent_statements_covered": 100.0, "percent_statements_covered_display": "100"}, "missing_lines": [], "excluded_lines": [], "start_line": 312}, "RestApiProjectRepository.get_stats": {"executed_lines": [319], "summary": {"covered_lines": 1, "num_statements": 1, "percent_covered": 100.0, "percent_covered_display": "100", "missing_lines": 0, "excluded_lines": 0, "percent_statements_covered": 100.0, "percent_statements_covered_display": "100"}, "missing_lines": [], "excluded_lines": [], "start_line": 317}, "RestApiLabelRepository.__init__": {"executed_lines": [328, 329], "summary": {"covered_lines": 2, "num_statements": 2, "percent_covered": 100.0, "percent_covered_display": "100", "missing_lines": 0, "excluded_lines": 0, "percent_statements_covered": 100.0, "percent_statements_covered_display": "100"}, "missing_lines": [], "excluded_lines": [], "start_line": 325}, "RestApiLabelRepository.labels_api": {"executed_lines": [334, 335, 336, 337, 338], "summary": {"covered_lines": 5, "num_statements": 5, "percent_covered": 100.0, "percent_covered_display": "100", "missing_lines": 0, "excluded_lines": 0, "percent_statements_covered": 100.0, "percent_statements_covered_display": "100"}, "missing_lines": [], "excluded_lines": [], "start_line": 332}, "RestApiLabelRepository.list_all": {"executed_lines": [342, 343, 344], "summary": {"covered_lines": 3, "num_statements": 3, "percent_covered": 100.0, "percent_covered_display": "100", "missing_lines": 0, "excluded_lines": 0, "percent_statements_covered": 100.0, "percent_statements_covered_display": "100"}, "missing_lines": [], "excluded_lines": [], "start_line": 340}, "RestApiLabelRepository.get": {"executed_lines": [348, 349], "summary": {"covered_lines": 2, "num_statements": 2, "percent_covered": 100.0, "percent_covered_display": "100", "missing_lines": 0, "excluded_lines": 0, "percent_statements_covered": 100.0, "percent_statements_covered_display": "100"}, "missing_lines": [], "excluded_lines": [], "start_line": 346}, "RestApiLabelRepository.create": {"executed_lines": [353, 354, 355], "summary": {"covered_lines": 3, "num_statements": 3, "percent_covered": 100.0, "percent_covered_display": "100", "missing_lines": 0, "excluded_lines": 0, "percent_statements_covered": 100.0, "percent_statements_covered_display": "100"}, "missing_lines": [], "excluded_lines": [], "start_line": 351}, "RestApiLabelRepository.delete": {"executed_lines": [359, 360], "summary": {"covered_lines": 2, "num_statements": 2, "percent_covered": 100.0, "percent_covered_display": "100", "missing_lines": 0, "excluded_lines": 0, "percent_statements_covered": 100.0, "percent_statements_covered_display": "100"}, "missing_lines": [], "excluded_lines": [], "start_line": 357}, "RestApiLabelRepository.search": {"executed_lines": [365, 366, 367], "summary": {"covered_lines": 3, "num_statements": 3, "percent_covered": 100.0, "percent_covered_display": "100", "missing_lines": 0, "excluded_lines": 0, "percent_statements_covered": 100.0, "percent_statements_covered_display": "100"}, "missing_lines": [], "excluded_lines": [], "start_line": 362}, "RestApiLocationContextRepository.__init__": {"executed_lines": [405], "summary": {"covered_lines": 1, "num_statements": 1, "percent_covered": 100.0, "percent_covered_display": "100", "missing_lines": 0, "excluded_lines": 0, "percent_statements_covered": 100.0, "percent_statements_covered_display": "100"}, "missing_lines": [], "excluded_lines": [], "start_line": 402}, "RestApiLocationContextRepository.client": {"executed_lines": [410, 411, 412], "summary": {"covered_lines": 3, "num_statements": 3, "percent_covered": 100.0, "percent_covered_display": "100", "missing_lines": 0, "excluded_lines": 0, "percent_statements_covered": 100.0, "percent_statements_covered_display": "100"}, "missing_lines": [], "excluded_lines": [], "start_line": 408}, "RestApiLocationContextRepository.list_all": {"executed_lines": [416, 417, 420, 421, 423, 430, 432, 433, 435], "summary": {"covered_lines": 9, "num_statements": 9, "percent_covered": 100.0, "percent_covered_display": "100", "missing_lines": 0, "excluded_lines": 0, "percent_statements_covered": 100.0, "percent_statements_covered_display": "100"}, "missing_lines": [], "excluded_lines": [], "start_line": 414}, "RestApiLocationContextRepository.get": {"executed_lines": [439, 440, 442, 449, 450], "summary": {"covered_lines": 5, "num_statements": 5, "percent_covered": 100.0, "percent_covered_display": "100", "missing_lines": 0, "excluded_lines": 0, "percent_statements_covered": 100.0, "percent_statements_covered_display": "100"}, "missing_lines": [], "excluded_lines": [], "start_line": 437}, "RestApiLocationContextRepository.create": {"executed_lines": [454, 461, 462, 464, 471, 472], "summary": {"covered_lines": 6, "num_statements": 6, "percent_covered": 100.0, "percent_covered_display": "100", "missing_lines": 0, "excluded_lines": 0, "percent_statements_covered": 100.0, "percent_statements_covered_display": "100"}, "missing_lines": [], "excluded_lines": [], "start_line": 452}, "RestApiLocationContextRepository.delete": {"executed_lines": [476, 477, 478, 479, 480], "summary": {"covered_lines": 5, "num_statements": 5, "percent_covered": 100.0, "percent_covered_display": "100", "missing_lines": 0, "excluded_lines": 0, "percent_statements_covered": 100.0, "percent_statements_covered_display": "100"}, "missing_lines": [], "excluded_lines": [], "start_line": 474}, "RestApiLocationContextRepository.get_available": {"executed_lines": [490, 491, 497, 498, 499, 506, 508, 509, 511], "summary": {"covered_lines": 9, "num_statements": 9, "percent_covered": 100.0, "percent_covered_display": "100", "missing_lines": 0, "excluded_lines": 0, "percent_statements_covered": 100.0, "percent_statements_covered_display": "100"}, "missing_lines": [], "excluded_lines": [], "start_line": 482}, "": {"executed_lines": [6, 8, 10, 24, 30, 31, 32, 33, 36, 39, 49, 50, 58, 59, 67, 97, 122, 154, 164, 184, 204, 209, 219, 245, 248, 253, 254, 262, 285, 290, 296, 302, 307, 312, 317, 322, 325, 331, 332, 340, 346, 351, 357, 362, 372, 402, 407, 408, 414, 437, 452, 474, 482], "summary": {"covered_lines": 53, "num_statements": 53, "percent_covered": 100.0, "percent_covered_display": "100", "missing_lines": 0, "excluded_lines": 0, "percent_statements_covered": 100.0, "percent_statements_covered_display": "100"}, "missing_lines": [], "excluded_lines": [], "start_line": 1}}, "classes": {"RestApiTaskRepository": {"executed_lines": [45, 46, 47, 52, 53, 55, 56, 61, 62, 63, 64, 65, 76, 77, 80, 81, 89, 90, 91, 92, 93, 95, 106, 107, 110, 111, 117, 118, 120, 124, 126, 127, 128, 129, 130, 131, 132, 133, 134, 135, 136, 137, 138, 139, 141, 144, 147, 148, 152, 156, 159, 160, 162, 166, 169, 170, 173, 174, 176, 179, 180, 182, 186, 189, 193, 194, 196, 199, 200, 202, 206, 207, 211, 214, 215, 217, 223, 226, 227, 230, 235, 238, 239, 240, 241, 242], "summary": {"covered_lines": 86, "num_statements": 88, "percent_covered": 97.72727272727273, "percent_covered_display": "98", "missing_lines": 2, "excluded_lines": 0, "percent_statements_covered": 97.72727272727273, "percent_statements_covered_display": "98"}, "missing_lines": [190, 231], "excluded_lines": [], "start_line": 36}, "RestApiProjectRepository": {"executed_lines": [250, 251, 256, 257, 258, 259, 260, 266, 267, 270, 273, 274, 275, 276, 277, 278, 279, 280, 281, 283, 287, 288, 292, 293, 294, 298, 299, 300, 304, 305, 309, 310, 314, 315, 319], "summary": {"covered_lines": 35, "num_statements": 35, "percent_covered": 100.0, "percent_covered_display": "100", "missing_lines": 0, "excluded_lines": 0, "percent_statements_covered": 100.0, "percent_statements_covered_display": "100"}, "missing_lines": [], "excluded_lines": [], "start_line": 245}, "RestApiLabelRepository": {"executed_lines": [328, 329, 334, 335, 336, 337, 338, 342, 343, 344, 348, 349, 353, 354, 355, 359, 360, 365, 366, 367], "summary": {"covered_lines": 20, "num_statements": 20, "percent_covered": 100.0, "percent_covered_display": "100", "missing_lines": 0, "excluded_lines": 0, "percent_statements_covered": 100.0, "percent_statements_covered_display": "100"}, "missing_lines": [], "excluded_lines": [], "start_line": 322}, "RestApiLocationContextRepository": {"executed_lines": [405, 410, 411, 412, 416, 417, 420, 421, 423, 430, 432, 433, 435, 439, 440, 442, 449, 450, 454, 461, 462, 464, 471, 472, 476, 477, 478, 479, 480, 490, 491, 497, 498, 499, 506, 508, 509, 511], "summary": {"covered_lines": 38, "num_statements": 38, "percent_covered": 100.0, "percent_covered_display": "100", "missing_lines": 0, "excluded_lines": 0, "percent_statements_covered": 100.0, "percent_statements_covered_display": "100"}, "missing_lines": [], "excluded_lines": [], "start_line": 372}, "": {"executed_lines": [6, 8, 10, 24, 30, 31, 32, 33, 36, 39, 49, 50, 58, 59, 67, 97, 122, 154, 164, 184, 204, 209, 219, 245, 248, 253, 254, 262, 285, 290, 296, 302, 307, 312, 317, 322, 325, 331, 332, 340, 346, 351, 357, 362, 372, 402, 407, 408, 414, 437, 452, 474, 482], "summary": {"covered_lines": 53, "num_statements": 53, "percent_covered": 100.0, "percent_covered_display": "100", "missing_lines": 0, "excluded_lines": 0, "percent_statements_covered": 100.0, "percent_statements_covered_display": "100"}, "missing_lines": [], "excluded_lines": [], "start_line": 1}}}, "src/todopro_cli/adapters/sqlite.py": {"executed_lines": [6, 9, 12, 13, 14, 16], "summary": {"covered_lines": 6, "num_statements": 6, "percent_covered": 100.0, "percent_covered_display": "100", "missing_lines": 0, "excluded_lines": 0, "percent_statements_covered": 100.0, "percent_statements_covered_display": "100"}, "missing_lines": [], "excluded_lines": [], "functions": {"": {"executed_lines": [6, 9, 12, 13, 14, 16], "summary": {"covered_lines": 6, "num_statements": 6, "percent_covered": 100.0, "percent_covered_display": "100", "missing_lines": 0, "excluded_lines": 0, "percent_statements_covered": 100.0, "percent_statements_covered_display": "100"}, "missing_lines": [], "excluded_lines": [], "start_line": 1}}, "classes": {"": {"executed_lines": [6, 9, 12, 13, 14, 16], "summary": {"covered_lines": 6, "num_statements": 6, "percent_covered": 100.0, "percent_covered_display": "100", "missing_lines": 0, "excluded_lines": 0, "percent_statements_covered": 100.0, "percent_statements_covered_display": "100"}, "missing_lines": [], "excluded_lines": [], "start_line": 1}}}, "src/todopro_cli/adapters/sqlite/__init__.py": {"executed_lines": [3, 6, 7, 8, 9, 10, 15], "summary": {"covered_lines": 7, "num_statements": 7, "percent_covered": 100.0, "percent_covered_display": "100", "missing_lines": 0, "excluded_lines": 0, "percent_statements_covered": 100.0, "percent_statements_covered_display": "100"}, "missing_lines": [], "excluded_lines": [], "functions": {"": {"executed_lines": [3, 6, 7, 8, 9, 10, 15], "summary": {"covered_lines": 7, "num_statements": 7, "percent_covered": 100.0, "percent_covered_display": "100", "missing_lines": 0, "excluded_lines": 0, "percent_statements_covered": 100.0, "percent_statements_covered_display": "100"}, "missing_lines": [], "excluded_lines": [], "start_line": 1}}, "classes": {"": {"executed_lines": [3, 6, 7, 8, 9, 10, 15], "summary": {"covered_lines": 7, "num_statements": 7, "percent_covered": 100.0, "percent_covered_display": "100", "missing_lines": 0, "excluded_lines": 0, "percent_statements_covered": 100.0, "percent_statements_covered_display": "100"}, "missing_lines": [], "excluded_lines": [], "start_line": 1}}}, "src/todopro_cli/adapters/sqlite/connection.py": {"executed_lines": [7, 9, 10, 11, 12, 14, 16, 17, 20, 32, 33, 34, 36, 38, 39, 40, 42, 43, 52, 55, 56, 57, 59, 62, 63, 66, 67, 70, 73, 76, 83, 84, 85, 88, 89, 92, 95, 96, 99, 101, 103, 104, 111, 116, 117, 119, 120, 122, 123, 124, 125, 126, 127, 128, 130, 131, 133, 134, 136, 137, 139, 140, 161, 163, 164, 165, 166, 167, 168, 169, 171, 172, 173, 176, 179, 188], "summary": {"covered_lines": 76, "num_statements": 76, "percent_covered": 100.0, "percent_covered_display": "100", "missing_lines": 0, "excluded_lines": 0, "percent_statements_covered": 100.0, "percent_statements_covered_display": "100"}, "missing_lines": [], "excluded_lines": [], "functions": {"DatabaseConnection.__new__": {"executed_lines": [38, 39, 40], "summary": {"covered_lines": 3, "num_statements": 3, "percent_covered": 100.0, "percent_covered_display": "100", "missing_lines": 0, "excluded_lines": 0, "percent_statements_covered": 100.0, "percent_statements_covered_display": "100"}, "missing_lines": [], "excluded_lines": [], "start_line": 36}, "DatabaseConnection.get_connection": {"executed_lines": [52, 55, 56, 57, 59, 62, 63, 66, 67, 70, 73, 76, 83, 84, 85, 88, 89, 92, 95, 96, 99, 101], "summary": {"covered_lines": 22, "num_statements": 22, "percent_covered": 100.0, "percent_covered_display": "100", "missing_lines": 0, "excluded_lines": 0, "percent_statements_covered": 100.0, "percent_statements_covered_display": "100"}, "missing_lines": [], "excluded_lines": [], "start_line": 43}, "DatabaseConnection._run_migrations": {"executed_lines": [111, 116, 117], "summary": {"covered_lines": 3, "num_statements": 3, "percent_covered": 100.0, "percent_covered_display": "100", "missing_lines": 0, "excluded_lines": 0, "percent_statements_covered": 100.0, "percent_statements_covered_display": "100"}, "missing_lines": [], "excluded_lines": [], "start_line": 104}, "DatabaseConnection.close_connection": {"executed_lines": [122, 123, 124, 125, 126, 127, 128, 130, 131], "summary": {"covered_lines": 9, "num_statements": 9, "percent_covered": 100.0, "percent_covered_display": "100", "missing_lines": 0, "excluded_lines": 0, "percent_statements_covered": 100.0, "percent_statements_covered_display": "100"}, "missing_lines": [], "excluded_lines": [], "start_line": 120}, "DatabaseConnection.get_db_path": {"executed_lines": [136, 137], "summary": {"covered_lines": 2, "num_statements": 2, "percent_covered": 100.0, "percent_covered_display": "100", "missing_lines": 0, "excluded_lines": 0, "percent_statements_covered": 100.0, "percent_statements_covered_display": "100"}, "missing_lines": [], "excluded_lines": [], "start_line": 134}, "DatabaseConnection.execute_with_retry": {"executed_lines": [161, 163, 164, 165, 166, 167, 168, 169, 171, 172, 173, 176], "summary": {"covered_lines": 12, "num_statements": 12, "percent_covered": 100.0, "percent_covered_display": "100", "missing_lines": 0, "excluded_lines": 0, "percent_statements_covered": 100.0, "percent_statements_covered_display": "100"}, "missing_lines": [], "excluded_lines": [], "start_line": 140}, "get_connection": {"executed_lines": [188], "summary": {"covered_lines": 1, "num_statements": 1, "percent_covered": 100.0, "percent_covered_display": "100", "missing_lines": 0, "excluded_lines": 0, "percent_statements_covered": 100.0, "percent_statements_covered_display": "100"}, "missing_lines": [], "excluded_lines": [], "start_line": 179}, "": {"executed_lines": [7, 9, 10, 11, 12, 14, 16, 17, 20, 32, 33, 34, 36, 42, 43, 103, 104, 119, 120, 133, 134, 139, 140, 179], "summary": {"covered_lines": 24, "num_statements": 24, "percent_covered": 100.0, "percent_covered_display": "100", "missing_lines": 0, "excluded_lines": 0, "percent_statements_covered": 100.0, "percent_statements_covered_display": "100"}, "missing_lines": [], "excluded_lines": [], "start_line": 1}}, "classes": {"DatabaseConnection": {"executed_lines": [38, 39, 40, 52, 55, 56, 57, 59, 62, 63, 66, 67, 70, 73, 76, 83, 84, 85, 88, 89, 92, 95, 96, 99, 101, 111, 116, 117, 122, 123, 124, 125, 126, 127, 128, 130, 131, 136, 137, 161, 163, 164, 165, 166, 167, 168, 169, 171, 172, 173, 176], "summary": {"covered_lines": 51, "num_statements": 51, "percent_covered": 100.0, "percent_covered_display": "100", "missing_lines": 0, "excluded_lines": 0, "percent_statements_covered": 100.0, "percent_statements_covered_display": "100"}, "missing_lines": [], "excluded_lines": [], "start_line": 20}, "": {"executed_lines": [7, 9, 10, 11, 12, 14, 16, 17, 20, 32, 33, 34, 36, 42, 43, 103, 104, 119, 120, 133, 134, 139, 140, 179, 188], "summary": {"covered_lines": 25, "num_statements": 25, "percent_covered": 100.0, "percent_covered_display": "100", "missing_lines": 0, "excluded_lines": 0, "percent_statements_covered": 100.0, "percent_statements_covered_display": "100"}, "missing_lines": [], "excluded_lines": [], "start_line": 1}}}, "src/todopro_cli/adapters/sqlite/context_repository.py": {"executed_lines": [3, 5, 7, 8, 9, 15, 16, 19, 22, 29, 30, 31, 32, 34, 35, 37, 38, 39, 41, 43, 44, 46, 47, 51, 53, 55, 58, 60, 62, 64, 66, 69, 71, 72, 74, 76, 78, 79, 80, 82, 84, 97, 99, 101, 103, 106, 109, 111, 113, 121, 124, 127, 130, 131, 132, 133, 138, 139, 141], "summary": {"covered_lines": 59, "num_statements": 59, "percent_covered": 100.0, "percent_covered_display": "100", "missing_lines": 0, "excluded_lines": 0, "percent_statements_covered": 100.0, "percent_statements_covered_display": "100"}, "missing_lines": [], "excluded_lines": [], "functions": {"SqliteLocationContextRepository.__init__": {"executed_lines": [29, 30, 31, 32], "summary": {"covered_lines": 4, "num_statements": 4, "percent_covered": 100.0, "percent_covered_display": "100", "missing_lines": 0, "excluded_lines": 0, "percent_statements_covered": 100.0, "percent_statements_covered_display": "100"}, "missing_lines": [], "excluded_lines": [], "start_line": 22}, "SqliteLocationContextRepository.connection": {"executed_lines": [37, 38, 39], "summary": {"covered_lines": 3, "num_statements": 3, "percent_covered": 100.0, "percent_covered_display": "100", "missing_lines": 0, "excluded_lines": 0, "percent_statements_covered": 100.0, "percent_statements_covered_display": "100"}, "missing_lines": [], "excluded_lines": [], "start_line": 35}, "SqliteLocationContextRepository._get_user_id": {"executed_lines": [43, 44, 46, 47], "summary": {"covered_lines": 4, "num_statements": 4, "percent_covered": 100.0, "percent_covered_display": "100", "missing_lines": 0, "excluded_lines": 0, "percent_statements_covered": 100.0, "percent_statements_covered_display": "100"}, "missing_lines": [], "excluded_lines": [], "start_line": 41}, "SqliteLocationContextRepository.list_all": {"executed_lines": [53, 55, 58, 60], "summary": {"covered_lines": 4, "num_statements": 4, "percent_covered": 100.0, "percent_covered_display": "100", "missing_lines": 0, "excluded_lines": 0, "percent_statements_covered": 100.0, "percent_statements_covered_display": "100"}, "missing_lines": [], "excluded_lines": [], "start_line": 51}, "SqliteLocationContextRepository.get": {"executed_lines": [64, 66, 69, 71, 72, 74], "summary": {"covered_lines": 6, "num_statements": 6, "percent_covered": 100.0, "percent_covered_display": "100", "missing_lines": 0, "excluded_lines": 0, "percent_statements_covered": 100.0, "percent_statements_covered_display": "100"}, "missing_lines": [], "excluded_lines": [], "start_line": 62}, "SqliteLocationContextRepository.create": {"executed_lines": [78, 79, 80, 82, 84, 97, 99], "summary": {"covered_lines": 7, "num_statements": 7, "percent_covered": 100.0, "percent_covered_display": "100", "missing_lines": 0, "excluded_lines": 0, "percent_statements_covered": 100.0, "percent_statements_covered_display": "100"}, "missing_lines": [], "excluded_lines": [], "start_line": 76}, "SqliteLocationContextRepository.delete": {"executed_lines": [103, 106, 109, 111], "summary": {"covered_lines": 4, "num_statements": 4, "percent_covered": 100.0, "percent_covered_display": "100", "missing_lines": 0, "excluded_lines": 0, "percent_statements_covered": 100.0, "percent_statements_covered_display": "100"}, "missing_lines": [], "excluded_lines": [], "start_line": 101}, "SqliteLocationContextRepository.get_available": {"executed_lines": [121, 124, 127, 130, 131, 132, 133, 138, 139, 141], "summary": {"covered_lines": 10, "num_statements": 10, "percent_covered": 100.0, "percent_covered_display": "100", "missing_lines": 0, "excluded_lines": 0, "percent_statements_covered": 100.0, "percent_statements_covered_display": "100"}, "missing_lines": [], "excluded_lines": [], "start_line": 113}, "": {"executed_lines": [3, 5, 7, 8, 9, 15, 16, 19, 22, 34, 35, 41, 51, 62, 76, 101, 113], "summary": {"covered_lines": 17, "num_statements": 17, "percent_covered": 100.0, "percent_covered_display": "100", "missing_lines": 0, "excluded_lines": 0, "percent_statements_covered": 100.0, "percent_statements_covered_display": "100"}, "missing_lines": [], "excluded_lines": [], "start_line": 1}}, "classes": {"SqliteLocationContextRepository": {"executed_lines": [29, 30, 31, 32, 37, 38, 39, 43, 44, 46, 47, 53, 55, 58, 60, 64, 66, 69, 71, 72, 74, 78, 79, 80, 82, 84, 97, 99, 103, 106, 109, 111, 121, 124, 127, 130, 131, 132, 133, 138, 139, 141], "summary": {"covered_lines": 42, "num_statements": 42, "percent_covered": 100.0, "percent_covered_display": "100", "missing_lines": 0, "excluded_lines": 0, "percent_statements_covered": 100.0, "percent_statements_covered_display": "100"}, "missing_lines": [], "excluded_lines": [], "start_line": 19}, "": {"executed_lines": [3, 5, 7, 8, 9, 15, 16, 19, 22, 34, 35, 41, 51, 62, 76, 101, 113], "summary": {"covered_lines": 17, "num_statements": 17, "percent_covered": 100.0, "percent_covered_display": "100", "missing_lines": 0, "excluded_lines": 0, "percent_statements_covered": 100.0, "percent_statements_covered_display": "100"}, "missing_lines": [], "excluded_lines": [], "start_line": 1}}}, "src/todopro_cli/adapters/sqlite/e2ee.py": {"executed_lines": [7, 9, 11, 12, 15, 18, 24, 25, 29, 38, 39, 41, 42, 44, 56, 57, 59, 60, 61, 62, 63, 65, 79, 81, 82, 85, 87, 89, 107, 109, 110, 115, 117, 120, 126, 128, 130, 131, 132, 135, 136, 138, 140, 142, 144], "summary": {"covered_lines": 45, "num_statements": 45, "percent_covered": 100.0, "percent_covered_display": "100", "missing_lines": 0, "excluded_lines": 0, "percent_statements_covered": 100.0, "percent_statements_covered_display": "100"}, "missing_lines": [], "excluded_lines": [], "functions": {"E2EEHandler.__init__": {"executed_lines": [24, 25], "summary": {"covered_lines": 2, "num_statements": 2, "percent_covered": 100.0, "percent_covered_display": "100", "missing_lines": 0, "excluded_lines": 0, "percent_statements_covered": 100.0, "percent_statements_covered_display": "100"}, "missing_lines": [], "excluded_lines": [], "start_line": 18}, "E2EEHandler.encrypt_content": {"executed_lines": [38, 39, 41, 42], "summary": {"covered_lines": 4, "num_statements": 4, "percent_covered": 100.0, "percent_covered_display": "100", "missing_lines": 0, "excluded_lines": 0, "percent_statements_covered": 100.0, "percent_statements_covered_display": "100"}, "missing_lines": [], "excluded_lines": [], "start_line": 29}, "E2EEHandler.decrypt_content": {"executed_lines": [56, 57, 59, 60, 61, 62, 63], "summary": {"covered_lines": 7, "num_statements": 7, "percent_covered": 100.0, "percent_covered_display": "100", "missing_lines": 0, "excluded_lines": 0, "percent_statements_covered": 100.0, "percent_statements_covered_display": "100"}, "missing_lines": [], "excluded_lines": [], "start_line": 44}, "E2EEHandler.prepare_task_for_storage": {"executed_lines": [79, 81, 82, 85, 87], "summary": {"covered_lines": 5, "num_statements": 5, "percent_covered": 100.0, "percent_covered_display": "100", "missing_lines": 0, "excluded_lines": 0, "percent_statements_covered": 100.0, "percent_statements_covered_display": "100"}, "missing_lines": [], "excluded_lines": [], "start_line": 65}, "E2EEHandler.extract_task_content": {"executed_lines": [107, 109, 110, 115, 117], "summary": {"covered_lines": 5, "num_statements": 5, "percent_covered": 100.0, "percent_covered_display": "100", "missing_lines": 0, "excluded_lines": 0, "percent_statements_covered": 100.0, "percent_statements_covered_display": "100"}, "missing_lines": [], "excluded_lines": [], "start_line": 89}, "get_e2ee_handler": {"executed_lines": [126, 128, 130, 131, 132, 135, 136, 138, 140, 142, 144], "summary": {"covered_lines": 11, "num_statements": 11, "percent_covered": 100.0, "percent_covered_display": "100", "missing_lines": 0, "excluded_lines": 0, "percent_statements_covered": 100.0, "percent_statements_covered_display": "100"}, "missing_lines": [], "excluded_lines": [], "start_line": 120}, "": {"executed_lines": [7, 9, 11, 12, 15, 18, 29, 44, 65, 89, 120], "summary": {"covered_lines": 11, "num_statements": 11, "percent_covered": 100.0, "percent_covered_display": "100", "missing_lines": 0, "excluded_lines": 0, "percent_statements_covered": 100.0, "percent_statements_covered_display": "100"}, "missing_lines": [], "excluded_lines": [], "start_line": 1}}, "classes": {"E2EEHandler": {"executed_lines": [24, 25, 38, 39, 41, 42, 56, 57, 59, 60, 61, 62, 63, 79, 81, 82, 85, 87, 107, 109, 110, 115, 117], "summary": {"covered_lines": 23, "num_statements": 23, "percent_covered": 100.0, "percent_covered_display": "100", "missing_lines": 0, "excluded_lines": 0, "percent_statements_covered": 100.0, "percent_statements_covered_display": "100"}, "missing_lines": [], "excluded_lines": [], "start_line": 15}, "": {"executed_lines": [7, 9, 11, 12, 15, 18, 29, 44, 65, 89, 120, 126, 128, 130, 131, 132, 135, 136, 138, 140, 142, 144], "summary": {"covered_lines": 22, "num_statements": 22, "percent_covered": 100.0, "percent_covered_display": "100", "missing_lines": 0, "excluded_lines": 0, "percent_statements_covered": 100.0, "percent_statements_covered_display": "100"}, "missing_lines": [], "excluded_lines": [], "start_line": 1}}}, "src/todopro_cli/adapters/sqlite/label_repository.py": {"executed_lines": [3, 5, 7, 8, 9, 10, 11, 14, 17, 24, 25, 26, 27, 29, 30, 32, 33, 34, 36, 38, 39, 41, 42, 44, 46, 48, 51, 53, 55, 57, 59, 62, 64, 65, 67, 69, 71, 73, 75, 76, 77, 79, 81, 82, 87, 88, 89, 90, 93, 95, 97, 100, 103, 105, 107, 109, 111, 115, 117], "summary": {"covered_lines": 59, "num_statements": 60, "percent_covered": 98.33333333333333, "percent_covered_display": "98", "missing_lines": 1, "excluded_lines": 0, "percent_statements_covered": 98.33333333333333, "percent_statements_covered_display": "98"}, "missing_lines": [91], "excluded_lines": [], "functions": {"SqliteLabelRepository.__init__": {"executed_lines": [24, 25, 26, 27], "summary": {"covered_lines": 4, "num_statements": 4, "percent_covered": 100.0, "percent_covered_display": "100", "missing_lines": 0, "excluded_lines": 0, "percent_statements_covered": 100.0, "percent_statements_covered_display": "100"}, "missing_lines": [], "excluded_lines": [], "start_line": 17}, "SqliteLabelRepository.connection": {"executed_lines": [32, 33, 34], "summary": {"covered_lines": 3, "num_statements": 3, "percent_covered": 100.0, "percent_covered_display": "100", "missing_lines": 0, "excluded_lines": 0, "percent_statements_covered": 100.0, "percent_statements_covered_display": "100"}, "missing_lines": [], "excluded_lines": [], "start_line": 30}, "SqliteLabelRepository._get_user_id": {"executed_lines": [38, 39, 41, 42], "summary": {"covered_lines": 4, "num_statements": 4, "percent_covered": 100.0, "percent_covered_display": "100", "missing_lines": 0, "excluded_lines": 0, "percent_statements_covered": 100.0, "percent_statements_covered_display": "100"}, "missing_lines": [], "excluded_lines": [], "start_line": 36}, "SqliteLabelRepository.list_all": {"executed_lines": [46, 48, 51, 53], "summary": {"covered_lines": 4, "num_statements": 4, "percent_covered": 100.0, "percent_covered_display": "100", "missing_lines": 0, "excluded_lines": 0, "percent_statements_covered": 100.0, "percent_statements_covered_display": "100"}, "missing_lines": [], "excluded_lines": [], "start_line": 44}, "SqliteLabelRepository.get": {"executed_lines": [57, 59, 62, 64, 65, 67], "summary": {"covered_lines": 6, "num_statements": 6, "percent_covered": 100.0, "percent_covered_display": "100", "missing_lines": 0, "excluded_lines": 0, "percent_statements_covered": 100.0, "percent_statements_covered_display": "100"}, "missing_lines": [], "excluded_lines": [], "start_line": 55}, "SqliteLabelRepository.get_by_id": {"executed_lines": [71], "summary": {"covered_lines": 1, "num_statements": 1, "percent_covered": 100.0, "percent_covered_display": "100", "missing_lines": 0, "excluded_lines": 0, "percent_statements_covered": 100.0, "percent_statements_covered_display": "100"}, "missing_lines": [], "excluded_lines": [], "start_line": 69}, "SqliteLabelRepository.create": {"executed_lines": [75, 76, 77, 79, 81, 82, 87, 88, 89, 90, 93], "summary": {"covered_lines": 11, "num_statements": 12, "percent_covered": 91.66666666666667, "percent_covered_display": "92", "missing_lines": 1, "excluded_lines": 0, "percent_statements_covered": 91.66666666666667, "percent_statements_covered_display": "92"}, "missing_lines": [91], "excluded_lines": [], "start_line": 73}, "SqliteLabelRepository.delete": {"executed_lines": [97, 100, 103, 105], "summary": {"covered_lines": 4, "num_statements": 4, "percent_covered": 100.0, "percent_covered_display": "100", "missing_lines": 0, "excluded_lines": 0, "percent_statements_covered": 100.0, "percent_statements_covered_display": "100"}, "missing_lines": [], "excluded_lines": [], "start_line": 95}, "SqliteLabelRepository.search": {"executed_lines": [109, 111, 115, 117], "summary": {"covered_lines": 4, "num_statements": 4, "percent_covered": 100.0, "percent_covered_display": "100", "missing_lines": 0, "excluded_lines": 0, "percent_statements_covered": 100.0, "percent_statements_covered_display": "100"}, "missing_lines": [], "excluded_lines": [], "start_line": 107}, "": {"executed_lines": [3, 5, 7, 8, 9, 10, 11, 14, 17, 29, 30, 36, 44, 55, 69, 73, 95, 107], "summary": {"covered_lines": 18, "num_statements": 18, "percent_covered": 100.0, "percent_covered_display": "100", "missing_lines": 0, "excluded_lines": 0, "percent_statements_covered": 100.0, "percent_statements_covered_display": "100"}, "missing_lines": [], "excluded_lines": [], "start_line": 1}}, "classes": {"SqliteLabelRepository": {"executed_lines": [24, 25, 26, 27, 32, 33, 34, 38, 39, 41, 42, 46, 48, 51, 53, 57, 59, 62, 64, 65, 67, 71, 75, 76, 77, 79, 81, 82, 87, 88, 89, 90, 93, 97, 100, 103, 105, 109, 111, 115, 117], "summary": {"covered_lines": 41, "num_statements": 42, "percent_covered": 97.61904761904762, "percent_covered_display": "98", "missing_lines": 1, "excluded_lines": 0, "percent_statements_covered": 97.61904761904762, "percent_statements_covered_display": "98"}, "missing_lines": [91], "excluded_lines": [], "start_line": 14}, "": {"executed_lines": [3, 5, 7, 8, 9, 10, 11, 14, 17, 29, 30, 36, 44, 55, 69, 73, 95, 107], "summary": {"covered_lines": 18, "num_statements": 18, "percent_covered": 100.0, "percent_covered_display": "100", "missing_lines": 0, "excluded_lines": 0, "percent_statements_covered": 100.0, "percent_statements_covered_display": "100"}, "missing_lines": [], "excluded_lines": [], "start_line": 1}}}, "src/todopro_cli/adapters/sqlite/migrations/__init__.py": {"executed_lines": [3, 10], "summary": {"covered_lines": 2, "num_statements": 2, "percent_covered": 100.0, "percent_covered_display": "100", "missing_lines": 0, "excluded_lines": 0, "percent_statements_covered": 100.0, "percent_statements_covered_display": "100"}, "missing_lines": [], "excluded_lines": [], "functions": {"": {"executed_lines": [3, 10], "summary": {"covered_lines": 2, "num_statements": 2, "percent_covered": 100.0, "percent_covered_display": "100", "missing_lines": 0, "excluded_lines": 0, "percent_statements_covered": 100.0, "percent_statements_covered_display": "100"}, "missing_lines": [], "excluded_lines": [], "start_line": 1}}, "classes": {"": {"executed_lines": [3, 10], "summary": {"covered_lines": 2, "num_statements": 2, "percent_covered": 100.0, "percent_covered_display": "100", "missing_lines": 0, "excluded_lines": 0, "percent_statements_covered": 100.0, "percent_statements_covered_display": "100"}, "missing_lines": [], "excluded_lines": [], "start_line": 1}}}, "src/todopro_cli/adapters/sqlite/migrations/m001_initial_schema.py": {"executed_lines": [16, 18, 20, 23, 26, 27, 28, 30, 31, 32, 34, 37, 40, 43, 46, 49, 52, 53, 56, 57, 60, 61, 65], "summary": {"covered_lines": 23, "num_statements": 23, "percent_covered": 100.0, "percent_covered_display": "100", "missing_lines": 0, "excluded_lines": 0, "percent_statements_covered": 100.0, "percent_statements_covered_display": "100"}, "missing_lines": [], "excluded_lines": [], "functions": {"InitialSchemaMigration.version": {"executed_lines": [28], "summary": {"covered_lines": 1, "num_statements": 1, "percent_covered": 100.0, "percent_covered_display": "100", "missing_lines": 0, "excluded_lines": 0, "percent_statements_covered": 100.0, "percent_statements_covered_display": "100"}, "missing_lines": [], "excluded_lines": [], "start_line": 27}, "InitialSchemaMigration.description": {"executed_lines": [32], "summary": {"covered_lines": 1, "num_statements": 1, "percent_covered": 100.0, "percent_covered_display": "100", "missing_lines": 0, "excluded_lines": 0, "percent_statements_covered": 100.0, "percent_statements_covered_display": "100"}, "missing_lines": [], "excluded_lines": [], "start_line": 31}, "InitialSchemaMigration.up": {"executed_lines": [37, 40, 43, 46, 49, 52, 53, 56, 57, 60, 61], "summary": {"covered_lines": 11, "num_statements": 11, "percent_covered": 100.0, "percent_covered_display": "100", "missing_lines": 0, "excluded_lines": 0, "percent_statements_covered": 100.0, "percent_statements_covered_display": "100"}, "missing_lines": [], "excluded_lines": [], "start_line": 34}, "": {"executed_lines": [16, 18, 20, 23, 26, 27, 30, 31, 34, 65], "summary": {"covered_lines": 10, "num_statements": 10, "percent_covered": 100.0, "percent_covered_display": "100", "missing_lines": 0, "excluded_lines": 0, "percent_statements_covered": 100.0, "percent_statements_covered_display": "100"}, "missing_lines": [], "excluded_lines": [], "start_line": 1}}, "classes": {"InitialSchemaMigration": {"executed_lines": [28, 32, 37, 40, 43, 46, 49, 52, 53, 56, 57, 60, 61], "summary": {"covered_lines": 13, "num_statements": 13, "percent_covered": 100.0, "percent_covered_display": "100", "missing_lines": 0, "excluded_lines": 0, "percent_statements_covered": 100.0, "percent_statements_covered_display": "100"}, "missing_lines": [], "excluded_lines": [], "start_line": 23}, "": {"executed_lines": [16, 18, 20, 23, 26, 27, 30, 31, 34, 65], "summary": {"covered_lines": 10, "num_statements": 10, "percent_covered": 100.0, "percent_covered_display": "100", "missing_lines": 0, "excluded_lines": 0, "percent_statements_covered": 100.0, "percent_statements_covered_display": "100"}, "missing_lines": [], "excluded_lines": [], "start_line": 1}}}, "src/todopro_cli/adapters/sqlite/migrations/m002_sync_compat.py": {"executed_lines": [12, 14, 16, 19, 22, 23, 25, 27, 28, 30, 34, 41, 57, 60, 61, 62, 63, 64, 67, 68, 69, 70, 71, 74, 75, 76, 77, 78, 79, 82, 83, 84, 85, 86, 87, 88, 91, 92, 93, 94, 95, 98, 108, 118], "summary": {"covered_lines": 44, "num_statements": 44, "percent_covered": 100.0, "percent_covered_display": "100", "missing_lines": 0, "excluded_lines": 0, "percent_statements_covered": 100.0, "percent_statements_covered_display": "100"}, "missing_lines": [], "excluded_lines": [], "functions": {"SyncCompatibilityMigration.version": {"executed_lines": [25], "summary": {"covered_lines": 1, "num_statements": 1, "percent_covered": 100.0, "percent_covered_display": "100", "missing_lines": 0, "excluded_lines": 0, "percent_statements_covered": 100.0, "percent_statements_covered_display": "100"}, "missing_lines": [], "excluded_lines": [], "start_line": 23}, "SyncCompatibilityMigration.description": {"executed_lines": [30], "summary": {"covered_lines": 1, "num_statements": 1, "percent_covered": 100.0, "percent_covered_display": "100", "missing_lines": 0, "excluded_lines": 0, "percent_statements_covered": 100.0, "percent_statements_covered_display": "100"}, "missing_lines": [], "excluded_lines": [], "start_line": 28}, "SyncCompatibilityMigration.up": {"executed_lines": [41, 57, 60, 61, 62, 63, 64, 67, 68, 69, 70, 71, 74, 75, 76, 77, 78, 79, 82, 83, 84, 85, 86, 87, 88, 91, 92, 93, 94, 95, 98, 108, 118], "summary": {"covered_lines": 33, "num_statements": 33, "percent_covered": 100.0, "percent_covered_display": "100", "missing_lines": 0, "excluded_lines": 0, "percent_statements_covered": 100.0, "percent_statements_covered_display": "100"}, "missing_lines": [], "excluded_lines": [], "start_line": 34}, "": {"executed_lines": [12, 14, 16, 19, 22, 23, 27, 28, 34], "summary": {"covered_lines": 9, "num_statements": 9, "percent_covered": 100.0, "percent_covered_display": "100", "missing_lines": 0, "excluded_lines": 0, "percent_statements_covered": 100.0, "percent_statements_covered_display": "100"}, "missing_lines": [], "excluded_lines": [], "start_line": 1}}, "classes": {"SyncCompatibilityMigration": {"executed_lines": [25, 30, 41, 57, 60, 61, 62, 63, 64, 67, 68, 69, 70, 71, 74, 75, 76, 77, 78, 79, 82, 83, 84, 85, 86, 87, 88, 91, 92, 93, 94, 95, 98, 108, 118], "summary": {"covered_lines": 35, "num_statements": 35, "percent_covered": 100.0, "percent_covered_display": "100", "missing_lines": 0, "excluded_lines": 0, "percent_statements_covered": 100.0, "percent_statements_covered_display": "100"}, "missing_lines": [], "excluded_lines": [], "start_line": 19}, "": {"executed_lines": [12, 14, 16, 19, 22, 23, 27, 28, 34], "summary": {"covered_lines": 9, "num_statements": 9, "percent_covered": 100.0, "percent_covered_display": "100", "missing_lines": 0, "excluded_lines": 0, "percent_statements_covered": 100.0, "percent_statements_covered_display": "100"}, "missing_lines": [], "excluded_lines": [], "start_line": 1}}}, "src/todopro_cli/adapters/sqlite/migrations/migrate_v2_sync_compat.py": {"executed_lines": [13, 15, 24, 39, 57, 110, 125, 141, 157, 178, 216, 233, 251, 257, 262, 279, 289, 291, 293, 295, 298, 299, 300, 301, 302, 304, 307, 308, 309, 311, 312, 313, 315, 316, 317, 319, 320, 321, 323, 324, 325, 327, 330, 331, 332, 333, 334, 335, 337, 340, 341, 342, 343, 344, 345, 346, 348, 351, 352, 353, 354, 355, 357, 360, 370, 380, 383, 389, 391, 392, 395, 397, 399, 400, 401, 402, 405, 415, 417, 419, 420, 422, 423, 426, 429, 440, 441, 442, 444, 445, 446, 447, 449, 450, 452, 453, 454, 462, 475, 486, 488, 489, 491, 494, 495, 496, 497, 498, 501, 505, 510, 520, 525, 531, 532, 533, 534, 535, 536, 537, 540, 541, 542, 543, 544, 547, 548, 551, 552, 555, 560, 562, 563, 565, 566, 567, 568], "summary": {"covered_lines": 137, "num_statements": 137, "percent_covered": 100.0, "percent_covered_display": "100", "missing_lines": 0, "excluded_lines": 0, "percent_statements_covered": 100.0, "percent_statements_covered_display": "100"}, "missing_lines": [], "excluded_lines": [], "functions": {"run_migration": {"executed_lines": [289, 291, 293, 295, 298, 299, 300, 301, 302, 304, 307, 308, 309, 311, 312, 313, 315, 316, 317, 319, 320, 321, 323, 324, 325, 327, 330, 331, 332, 333, 334, 335, 337, 340, 341, 342, 343, 344, 345, 346, 348, 351, 352, 353, 354, 355, 357, 360, 370, 380, 383, 389, 391, 392, 395, 397, 399, 400, 401, 402], "summary": {"covered_lines": 60, "num_statements": 60, "percent_covered": 100.0, "percent_covered_display": "100", "missing_lines": 0, "excluded_lines": 0, "percent_statements_covered": 100.0, "percent_statements_covered_display": "100"}, "missing_lines": [], "excluded_lines": [], "start_line": 279}, "verify_migration": {"executed_lines": [415, 417, 419, 420, 422, 423, 426, 429, 440, 441, 442, 444, 445, 446, 447, 449, 450, 452, 453, 454], "summary": {"covered_lines": 20, "num_statements": 20, "percent_covered": 100.0, "percent_covered_display": "100", "missing_lines": 0, "excluded_lines": 0, "percent_statements_covered": 100.0, "percent_statements_covered_display": "100"}, "missing_lines": [], "excluded_lines": [], "start_line": 405}, "rollback_migration": {"executed_lines": [475, 486, 488, 489, 491, 494, 495, 496, 497, 498, 501, 505, 510, 520, 525, 531, 532, 533, 534, 535, 536, 537, 540, 541, 542, 543, 544, 547, 548, 551, 552, 555, 560, 562, 563, 565, 566, 567, 568], "summary": {"covered_lines": 39, "num_statements": 39, "percent_covered": 100.0, "percent_covered_display": "100", "missing_lines": 0, "excluded_lines": 0, "percent_statements_covered": 100.0, "percent_statements_covered_display": "100"}, "missing_lines": [], "excluded_lines": [], "start_line": 462}, "": {"executed_lines": [13, 15, 24, 39, 57, 110, 125, 141, 157, 178, 216, 233, 251, 257, 262, 279, 405, 462], "summary": {"covered_lines": 18, "num_statements": 18, "percent_covered": 100.0, "percent_covered_display": "100", "missing_lines": 0, "excluded_lines": 0, "percent_statements_covered": 100.0, "percent_statements_covered_display": "100"}, "missing_lines": [], "excluded_lines": [], "start_line": 1}}, "classes": {"": {"executed_lines": [13, 15, 24, 39, 57, 110, 125, 141, 157, 178, 216, 233, 251, 257, 262, 279, 289, 291, 293, 295, 298, 299, 300, 301, 302, 304, 307, 308, 309, 311, 312, 313, 315, 316, 317, 319, 320, 321, 323, 324, 325, 327, 330, 331, 332, 333, 334, 335, 337, 340, 341, 342, 343, 344, 345, 346, 348, 351, 352, 353, 354, 355, 357, 360, 370, 380, 383, 389, 391, 392, 395, 397, 399, 400, 401, 402, 405, 415, 417, 419, 420, 422, 423, 426, 429, 440, 441, 442, 444, 445, 446, 447, 449, 450, 452, 453, 454, 462, 475, 486, 488, 489, 491, 494, 495, 496, 497, 498, 501, 505, 510, 520, 525, 531, 532, 533, 534, 535, 536, 537, 540, 541, 542, 543, 544, 547, 548, 551, 552, 555, 560, 562, 563, 565, 566, 567, 568], "summary": {"covered_lines": 137, "num_statements": 137, "percent_covered": 100.0, "percent_covered_display": "100", "missing_lines": 0, "excluded_lines": 0, "percent_statements_covered": 100.0, "percent_statements_covered_display": "100"}, "missing_lines": [], "excluded_lines": [], "start_line": 1}}}, "src/todopro_cli/adapters/sqlite/migrations/runner.py": {"executed_lines": [10, 12, 13, 14, 17, 20, 21, 22, 25, 26, 27, 30, 31, 39, 42, 48, 49, 51, 53, 60, 62, 68, 69, 70, 72, 81, 83, 84, 90, 91, 94, 95, 103, 104, 105, 106, 108, 117, 120, 123, 126, 127, 129, 131, 137, 143, 149, 158, 159, 162, 172, 173], "summary": {"covered_lines": 52, "num_statements": 52, "percent_covered": 100.0, "percent_covered_display": "100", "missing_lines": 0, "excluded_lines": 0, "percent_statements_covered": 100.0, "percent_statements_covered_display": "100"}, "missing_lines": [], "excluded_lines": [], "functions": {"Migration.version": {"executed_lines": [], "summary": {"covered_lines": 0, "num_statements": 0, "percent_covered": 100.0, "percent_covered_display": "100", "missing_lines": 0, "excluded_lines": 0, "percent_statements_covered": 100.0, "percent_statements_covered_display": "100"}, "missing_lines": [], "excluded_lines": [], "start_line": 22}, "Migration.description": {"executed_lines": [], "summary": {"covered_lines": 0, "num_statements": 0, "percent_covered": 100.0, "percent_covered_display": "100", "missing_lines": 0, "excluded_lines": 0, "percent_statements_covered": 100.0, "percent_statements_covered_display": "100"}, "missing_lines": [], "excluded_lines": [], "start_line": 27}, "Migration.up": {"executed_lines": [], "summary": {"covered_lines": 0, "num_statements": 0, "percent_covered": 100.0, "percent_covered_display": "100", "missing_lines": 0, "excluded_lines": 0, "percent_statements_covered": 100.0, "percent_statements_covered_display": "100"}, "missing_lines": [], "excluded_lines": [], "start_line": 31}, "MigrationRunner.__init__": {"executed_lines": [48, 49], "summary": {"covered_lines": 2, "num_statements": 2, "percent_covered": 100.0, "percent_covered_display": "100", "missing_lines": 0, "excluded_lines": 0, "percent_statements_covered": 100.0, "percent_statements_covered_display": "100"}, "missing_lines": [], "excluded_lines": [], "start_line": 42}, "MigrationRunner._ensure_version_table": {"executed_lines": [53, 60], "summary": {"covered_lines": 2, "num_statements": 2, "percent_covered": 100.0, "percent_covered_display": "100", "missing_lines": 0, "excluded_lines": 0, "percent_statements_covered": 100.0, "percent_statements_covered_display": "100"}, "missing_lines": [], "excluded_lines": [], "start_line": 51}, "MigrationRunner.get_current_version": {"executed_lines": [68, 69, 70], "summary": {"covered_lines": 3, "num_statements": 3, "percent_covered": 100.0, "percent_covered_display": "100", "missing_lines": 0, "excluded_lines": 0, "percent_statements_covered": 100.0, "percent_statements_covered_display": "100"}, "missing_lines": [], "excluded_lines": [], "start_line": 62}, "MigrationRunner.run_migration": {"executed_lines": [81, 83, 84, 90, 91, 94, 95, 103, 104, 105, 106], "summary": {"covered_lines": 11, "num_statements": 11, "percent_covered": 100.0, "percent_covered_display": "100", "missing_lines": 0, "excluded_lines": 0, "percent_statements_covered": 100.0, "percent_statements_covered_display": "100"}, "missing_lines": [], "excluded_lines": [], "start_line": 72}, "MigrationRunner.run_migrations": {"executed_lines": [117, 120, 123, 126, 127, 129], "summary": {"covered_lines": 6, "num_statements": 6, "percent_covered": 100.0, "percent_covered_display": "100", "missing_lines": 0, "excluded_lines": 0, "percent_statements_covered": 100.0, "percent_statements_covered_display": "100"}, "missing_lines": [], "excluded_lines": [], "start_line": 108}, "MigrationRunner.get_migration_history": {"executed_lines": [137, 143], "summary": {"covered_lines": 2, "num_statements": 2, "percent_covered": 100.0, "percent_covered_display": "100", "missing_lines": 0, "excluded_lines": 0, "percent_statements_covered": 100.0, "percent_statements_covered_display": "100"}, "missing_lines": [], "excluded_lines": [], "start_line": 131}, "get_current_version": {"executed_lines": [158, 159], "summary": {"covered_lines": 2, "num_statements": 2, "percent_covered": 100.0, "percent_covered_display": "100", "missing_lines": 0, "excluded_lines": 0, "percent_statements_covered": 100.0, "percent_statements_covered_display": "100"}, "missing_lines": [], "excluded_lines": [], "start_line": 149}, "run_migrations": {"executed_lines": [172, 173], "summary": {"covered_lines": 2, "num_statements": 2, "percent_covered": 100.0, "percent_covered_display": "100", "missing_lines": 0, "excluded_lines": 0, "percent_statements_covered": 100.0, "percent_statements_covered_display": "100"}, "missing_lines": [], "excluded_lines": [], "start_line": 162}, "": {"executed_lines": [10, 12, 13, 14, 17, 20, 21, 22, 25, 26, 27, 30, 31, 39, 42, 51, 62, 72, 108, 131, 149, 162], "summary": {"covered_lines": 22, "num_statements": 22, "percent_covered": 100.0, "percent_covered_display": "100", "missing_lines": 0, "excluded_lines": 0, "percent_statements_covered": 100.0, "percent_statements_covered_display": "100"}, "missing_lines": [], "excluded_lines": [], "start_line": 1}}, "classes": {"Migration": {"executed_lines": [], "summary": {"covered_lines": 0, "num_statements": 0, "percent_covered": 100.0, "percent_covered_display": "100", "missing_lines": 0, "excluded_lines": 0, "percent_statements_covered": 100.0, "percent_statements_covered_display": "100"}, "missing_lines": [], "excluded_lines": [], "start_line": 17}, "MigrationRunner": {"executed_lines": [48, 49, 53, 60, 68, 69, 70, 81, 83, 84, 90, 91, 94, 95, 103, 104, 105, 106, 117, 120, 123, 126, 127, 129, 137, 143], "summary": {"covered_lines": 26, "num_statements": 26, "percent_covered": 100.0, "percent_covered_display": "100", "missing_lines": 0, "excluded_lines": 0, "percent_statements_covered": 100.0, "percent_statements_covered_display": "100"}, "missing_lines": [], "excluded_lines": [], "start_line": 39}, "": {"executed_lines": [10, 12, 13, 14, 17, 20, 21, 22, 25, 26, 27, 30, 31, 39, 42, 51, 62, 72, 108, 131, 149, 158, 159, 162, 172, 173], "summary": {"covered_lines": 26, "num_statements": 26, "percent_covered": 100.0, "percent_covered_display": "100", "missing_lines": 0, "excluded_lines": 0, "percent_statements_covered": 100.0, "percent_statements_covered_display": "100"}, "missing_lines": [], "excluded_lines": [], "start_line": 1}}}, "src/todopro_cli/adapters/sqlite/project_repository.py": {"executed_lines": [3, 5, 6, 8, 9, 10, 11, 12, 14, 17, 20, 27, 28, 29, 30, 32, 33, 35, 36, 37, 39, 41, 42, 44, 45, 46, 48, 50, 52, 56, 58, 62, 68, 70, 74, 76, 78, 80, 81, 83, 84, 85, 87, 88, 89, 91, 92, 93, 95, 99, 100, 101, 103, 105, 106, 108, 110, 112, 114, 118, 120, 121, 123, 125, 127, 129, 131, 132, 133, 135, 138, 142, 143, 144, 145, 146, 147, 151, 169, 171, 173, 175, 176, 178, 180, 181, 184, 185, 189, 190, 191, 192, 193, 196, 200, 201, 202, 203, 204, 206, 207, 208, 210, 213, 215, 216, 218, 220, 222, 223, 225, 229, 231, 233, 235, 236, 238, 244, 246, 248, 250, 251, 253, 259, 261, 263, 265, 268, 278, 280, 289, 290, 291, 292, 294, 296], "summary": {"covered_lines": 136, "num_statements": 139, "percent_covered": 97.84172661870504, "percent_covered_display": "98", "missing_lines": 3, "excluded_lines": 0, "percent_statements_covered": 97.84172661870504, "percent_statements_covered_display": "98"}, "missing_lines": [96, 97, 281], "excluded_lines": [], "functions": {"SqliteProjectRepository.__init__": {"executed_lines": [27, 28, 29, 30], "summary": {"covered_lines": 4, "num_statements": 4, "percent_covered": 100.0, "percent_covered_display": "100", "missing_lines": 0, "excluded_lines": 0, "percent_statements_covered": 100.0, "percent_statements_covered_display": "100"}, "missing_lines": [], "excluded_lines": [], "start_line": 20}, "SqliteProjectRepository.connection": {"executed_lines": [35, 36, 37], "summary": {"covered_lines": 3, "num_statements": 3, "percent_covered": 100.0, "percent_covered_display": "100", "missing_lines": 0, "excluded_lines": 0, "percent_statements_covered": 100.0, "percent_statements_covered_display": "100"}, "missing_lines": [], "excluded_lines": [], "start_line": 33}, "SqliteProjectRepository._get_user_id": {"executed_lines": [41, 42, 44, 45, 46], "summary": {"covered_lines": 5, "num_statements": 5, "percent_covered": 100.0, "percent_covered_display": "100", "missing_lines": 0, "excluded_lines": 0, "percent_statements_covered": 100.0, "percent_statements_covered_display": "100"}, "missing_lines": [], "excluded_lines": [], "start_line": 39}, "SqliteProjectRepository._ensure_inbox_project": {"executed_lines": [50, 52, 56, 58, 62, 68, 70, 74], "summary": {"covered_lines": 8, "num_statements": 8, "percent_covered": 100.0, "percent_covered_display": "100", "missing_lines": 0, "excluded_lines": 0, "percent_statements_covered": 100.0, "percent_statements_covered_display": "100"}, "missing_lines": [], "excluded_lines": [], "start_line": 48}, "SqliteProjectRepository.list_all": {"executed_lines": [78, 80, 81, 83, 84, 85, 87, 88, 89, 91, 92, 93, 95, 99, 100, 101, 103, 105, 106, 108], "summary": {"covered_lines": 20, "num_statements": 22, "percent_covered": 90.9090909090909, "percent_covered_display": "91", "missing_lines": 2, "excluded_lines": 0, "percent_statements_covered": 90.9090909090909, "percent_statements_covered_display": "91"}, "missing_lines": [96, 97], "excluded_lines": [], "start_line": 76}, "SqliteProjectRepository.get": {"executed_lines": [112, 114, 118, 120, 121, 123], "summary": {"covered_lines": 6, "num_statements": 6, "percent_covered": 100.0, "percent_covered_display": "100", "missing_lines": 0, "excluded_lines": 0, "percent_statements_covered": 100.0, "percent_statements_covered_display": "100"}, "missing_lines": [], "excluded_lines": [], "start_line": 110}, "SqliteProjectRepository.get_by_id": {"executed_lines": [127], "summary": {"covered_lines": 1, "num_statements": 1, "percent_covered": 100.0, "percent_covered_display": "100", "missing_lines": 0, "excluded_lines": 0, "percent_statements_covered": 100.0, "percent_statements_covered_display": "100"}, "missing_lines": [], "excluded_lines": [], "start_line": 125}, "SqliteProjectRepository.create": {"executed_lines": [131, 132, 133, 135, 138, 142, 143, 144, 145, 146, 147, 151, 169, 171], "summary": {"covered_lines": 14, "num_statements": 14, "percent_covered": 100.0, "percent_covered_display": "100", "missing_lines": 0, "excluded_lines": 0, "percent_statements_covered": 100.0, "percent_statements_covered_display": "100"}, "missing_lines": [], "excluded_lines": [], "start_line": 129}, "SqliteProjectRepository.update": {"executed_lines": [175, 176, 178, 180, 181, 184, 185, 189, 190, 191, 192, 193, 196, 200, 201, 202, 203, 204, 206, 207, 208, 210, 213, 215, 216, 218], "summary": {"covered_lines": 26, "num_statements": 26, "percent_covered": 100.0, "percent_covered_display": "100", "missing_lines": 0, "excluded_lines": 0, "percent_statements_covered": 100.0, "percent_statements_covered_display": "100"}, "missing_lines": [], "excluded_lines": [], "start_line": 173}, "SqliteProjectRepository.delete": {"executed_lines": [222, 223, 225, 229, 231], "summary": {"covered_lines": 5, "num_statements": 5, "percent_covered": 100.0, "percent_covered_display": "100", "missing_lines": 0, "excluded_lines": 0, "percent_statements_covered": 100.0, "percent_statements_covered_display": "100"}, "missing_lines": [], "excluded_lines": [], "start_line": 220}, "SqliteProjectRepository.archive": {"executed_lines": [235, 236, 238, 244, 246], "summary": {"covered_lines": 5, "num_statements": 5, "percent_covered": 100.0, "percent_covered_display": "100", "missing_lines": 0, "excluded_lines": 0, "percent_statements_covered": 100.0, "percent_statements_covered_display": "100"}, "missing_lines": [], "excluded_lines": [], "start_line": 233}, "SqliteProjectRepository.unarchive": {"executed_lines": [250, 251, 253, 259, 261], "summary": {"covered_lines": 5, "num_statements": 5, "percent_covered": 100.0, "percent_covered_display": "100", "missing_lines": 0, "excluded_lines": 0, "percent_statements_covered": 100.0, "percent_statements_covered_display": "100"}, "missing_lines": [], "excluded_lines": [], "start_line": 248}, "SqliteProjectRepository.get_stats": {"executed_lines": [265, 268, 278, 280, 289, 290, 291, 292, 294, 296], "summary": {"covered_lines": 10, "num_statements": 11, "percent_covered": 90.9090909090909, "percent_covered_display": "91", "missing_lines": 1, "excluded_lines": 0, "percent_statements_covered": 90.9090909090909, "percent_statements_covered_display": "91"}, "missing_lines": [281], "excluded_lines": [], "start_line": 263}, "": {"executed_lines": [3, 5, 6, 8, 9, 10, 11, 12, 14, 17, 20, 32, 33, 39, 48, 76, 110, 125, 129, 173, 220, 233, 248, 263], "summary": {"covered_lines": 24, "num_statements": 24, "percent_covered": 100.0, "percent_covered_display": "100", "missing_lines": 0, "excluded_lines": 0, "percent_statements_covered": 100.0, "percent_statements_covered_display": "100"}, "missing_lines": [], "excluded_lines": [], "start_line": 1}}, "classes": {"SqliteProjectRepository": {"executed_lines": [27, 28, 29, 30, 35, 36, 37, 41, 42, 44, 45, 46, 50, 52, 56, 58, 62, 68, 70, 74, 78, 80, 81, 83, 84, 85, 87, 88, 89, 91, 92, 93, 95, 99, 100, 101, 103, 105, 106, 108, 112, 114, 118, 120, 121, 123, 127, 131, 132, 133, 135, 138, 142, 143, 144, 145, 146, 147, 151, 169, 171, 175, 176, 178, 180, 181, 184, 185, 189, 190, 191, 192, 193, 196, 200, 201, 202, 203, 204, 206, 207, 208, 210, 213, 215, 216, 218, 222, 223, 225, 229, 231, 235, 236, 238, 244, 246, 250, 251, 253, 259, 261, 265, 268, 278, 280, 289, 290, 291, 292, 294, 296], "summary": {"covered_lines": 112, "num_statements": 115, "percent_covered": 97.3913043478261, "percent_covered_display": "97", "missing_lines": 3, "excluded_lines": 0, "percent_statements_covered": 97.3913043478261, "percent_statements_covered_display": "97"}, "missing_lines": [96, 97, 281], "excluded_lines": [], "start_line": 17}, "": {"executed_lines": [3, 5, 6, 8, 9, 10, 11, 12, 14, 17, 20, 32, 33, 39, 48, 76, 110, 125, 129, 173, 220, 233, 248, 263], "summary": {"covered_lines": 24, "num_statements": 24, "percent_covered": 100.0, "percent_covered_display": "100", "missing_lines": 0, "excluded_lines": 0, "percent_statements_covered": 100.0, "percent_statements_covered_display": "100"}, "missing_lines": [], "excluded_lines": [], "start_line": 1}}}, "src/todopro_cli/adapters/sqlite/schema.py": {"executed_lines": [7, 10, 13, 25, 44, 60, 79, 133, 144, 155, 171, 184, 194, 209, 216, 223, 229, 243, 251, 257, 260, 261, 264, 265, 268, 273, 276, 285, 286, 287, 288, 289, 290], "summary": {"covered_lines": 33, "num_statements": 33, "percent_covered": 100.0, "percent_covered_display": "100", "missing_lines": 0, "excluded_lines": 0, "percent_statements_covered": 100.0, "percent_statements_covered_display": "100"}, "missing_lines": [], "excluded_lines": [], "functions": {"initialize_schema": {"executed_lines": [257, 260, 261, 264, 265, 268, 273], "summary": {"covered_lines": 7, "num_statements": 7, "percent_covered": 100.0, "percent_covered_display": "100", "missing_lines": 0, "excluded_lines": 0, "percent_statements_covered": 100.0, "percent_statements_covered_display": "100"}, "missing_lines": [], "excluded_lines": [], "start_line": 251}, "get_schema_version": {"executed_lines": [285, 286, 287, 288, 289, 290], "summary": {"covered_lines": 6, "num_statements": 6, "percent_covered": 100.0, "percent_covered_display": "100", "missing_lines": 0, "excluded_lines": 0, "percent_statements_covered": 100.0, "percent_statements_covered_display": "100"}, "missing_lines": [], "excluded_lines": [], "start_line": 276}, "": {"executed_lines": [7, 10, 13, 25, 44, 60, 79, 133, 144, 155, 171, 184, 194, 209, 216, 223, 229, 243, 251, 276], "summary": {"covered_lines": 20, "num_statements": 20, "percent_covered": 100.0, "percent_covered_display": "100", "missing_lines": 0, "excluded_lines": 0, "percent_statements_covered": 100.0, "percent_statements_covered_display": "100"}, "missing_lines": [], "excluded_lines": [], "start_line": 1}}, "classes": {"": {"executed_lines": [7, 10, 13, 25, 44, 60, 79, 133, 144, 155, 171, 184, 194, 209, 216, 223, 229, 243, 251, 257, 260, 261, 264, 265, 268, 273, 276, 285, 286, 287, 288, 289, 290], "summary": {"covered_lines": 33, "num_statements": 33, "percent_covered": 100.0, "percent_covered_display": "100", "missing_lines": 0, "excluded_lines": 0, "percent_statements_covered": 100.0, "percent_statements_covered_display": "100"}, "missing_lines": [], "excluded_lines": [], "start_line": 1}}}, "src/todopro_cli/adapters/sqlite/task_repository.py": {"executed_lines": [3, 5, 6, 7, 9, 10, 11, 12, 13, 14, 15, 18, 21, 28, 29, 30, 31, 32, 34, 35, 37, 38, 39, 41, 42, 44, 45, 47, 48, 50, 52, 53, 56, 57, 58, 59, 60, 61, 62, 63, 66, 67, 70, 71, 72, 73, 74, 80, 81, 84, 86, 87, 89, 91, 93, 96, 100, 103, 104, 105, 107, 108, 109, 110, 113, 114, 115, 117, 118, 119, 121, 122, 123, 124, 126, 127, 128, 134, 135, 136, 143, 144, 145, 146, 147, 149, 152, 153, 154, 156, 157, 158, 161, 162, 165, 166, 167, 170, 171, 177, 178, 180, 181, 182, 184, 186, 188, 190, 194, 196, 197, 199, 202, 203, 209, 210, 212, 213, 215, 217, 219, 221, 223, 224, 225, 228, 231, 236, 239, 244, 268, 269, 272, 273, 275, 277, 279, 281, 282, 285, 289, 290, 293, 298, 301, 303, 304, 305, 308, 313, 314, 315, 316, 317, 318, 320, 321, 322, 323, 324, 327, 328, 329, 331, 332, 334, 337, 338, 341, 342, 344, 346, 348, 350, 351, 353, 357, 359, 361, 363, 364, 366, 372, 374, 376, 379, 380, 382, 383, 384, 385, 387, 388, 389, 390, 391, 393, 395, 398, 400, 402, 405, 407, 410, 413, 414, 419, 422, 427, 428], "summary": {"covered_lines": 210, "num_statements": 211, "percent_covered": 99.5260663507109, "percent_covered_display": "99", "missing_lines": 1, "excluded_lines": 0, "percent_statements_covered": 99.5260663507109, "percent_statements_covered_display": "99"}, "missing_lines": [85], "excluded_lines": [], "functions": {"SqliteTaskRepository.__init__": {"executed_lines": [28, 29, 30, 31, 32], "summary": {"covered_lines": 5, "num_statements": 5, "percent_covered": 100.0, "percent_covered_display": "100", "missing_lines": 0, "excluded_lines": 0, "percent_statements_covered": 100.0, "percent_statements_covered_display": "100"}, "missing_lines": [], "excluded_lines": [], "start_line": 21}, "SqliteTaskRepository.connection": {"executed_lines": [37, 38, 39], "summary": {"covered_lines": 3, "num_statements": 3, "percent_covered": 100.0, "percent_covered_display": "100", "missing_lines": 0, "excluded_lines": 0, "percent_statements_covered": 100.0, "percent_statements_covered_display": "100"}, "missing_lines": [], "excluded_lines": [], "start_line": 35}, "SqliteTaskRepository.e2ee": {"executed_lines": [44, 45, 47, 48], "summary": {"covered_lines": 4, "num_statements": 4, "percent_covered": 100.0, "percent_covered_display": "100", "missing_lines": 0, "excluded_lines": 0, "percent_statements_covered": 100.0, "percent_statements_covered_display": "100"}, "missing_lines": [], "excluded_lines": [], "start_line": 42}, "SqliteTaskRepository._get_user_id": {"executed_lines": [52, 53, 56, 57, 58, 59, 60, 61, 62, 63, 66, 67, 70, 71, 72, 73, 74, 80, 81, 84, 86, 87, 89], "summary": {"covered_lines": 23, "num_statements": 24, "percent_covered": 95.83333333333333, "percent_covered_display": "96", "missing_lines": 1, "excluded_lines": 0, "percent_statements_covered": 95.83333333333333, "percent_statements_covered_display": "96"}, "missing_lines": [85], "excluded_lines": [], "start_line": 50}, "SqliteTaskRepository.list_all": {"executed_lines": [93, 96, 100, 103, 104, 105, 107, 108, 109, 110, 113, 114, 115, 117, 118, 119, 121, 122, 123, 124, 126, 127, 128, 134, 135, 136, 143, 144, 145, 146, 147, 149, 152, 153, 154, 156, 157, 158, 161, 162, 165, 166, 167, 170, 171, 177, 178, 180, 181, 182, 184], "summary": {"covered_lines": 51, "num_statements": 51, "percent_covered": 100.0, "percent_covered_display": "100", "missing_lines": 0, "excluded_lines": 0, "percent_statements_covered": 100.0, "percent_statements_covered_display": "100"}, "missing_lines": [], "excluded_lines": [], "start_line": 91}, "SqliteTaskRepository.get": {"executed_lines": [188, 190, 194, 196, 197, 199, 202, 203, 209, 210, 212, 213, 215], "summary": {"covered_lines": 13, "num_statements": 13, "percent_covered": 100.0, "percent_covered_display": "100", "missing_lines": 0, "excluded_lines": 0, "percent_statements_covered": 100.0, "percent_statements_covered_display": "100"}, "missing_lines": [], "excluded_lines": [], "start_line": 186}, "SqliteTaskRepository.get_by_id": {"executed_lines": [219], "summary": {"covered_lines": 1, "num_statements": 1, "percent_covered": 100.0, "percent_covered_display": "100", "missing_lines": 0, "excluded_lines": 0, "percent_statements_covered": 100.0, "percent_statements_covered_display": "100"}, "missing_lines": [], "excluded_lines": [], "start_line": 217}, "SqliteTaskRepository.add": {"executed_lines": [223, 224, 225, 228, 231, 236, 239, 244, 268, 269, 272, 273, 275, 277], "summary": {"covered_lines": 14, "num_statements": 14, "percent_covered": 100.0, "percent_covered_display": "100", "missing_lines": 0, "excluded_lines": 0, "percent_statements_covered": 100.0, "percent_statements_covered_display": "100"}, "missing_lines": [], "excluded_lines": [], "start_line": 221}, "SqliteTaskRepository.update": {"executed_lines": [281, 282, 285, 289, 290, 293, 298, 301, 303, 304, 305, 308, 313, 314, 315, 316, 317, 318, 320, 321, 322, 323, 324, 327, 328, 329, 331, 332, 334, 337, 338, 341, 342, 344, 346], "summary": {"covered_lines": 35, "num_statements": 35, "percent_covered": 100.0, "percent_covered_display": "100", "missing_lines": 0, "excluded_lines": 0, "percent_statements_covered": 100.0, "percent_statements_covered_display": "100"}, "missing_lines": [], "excluded_lines": [], "start_line": 279}, "SqliteTaskRepository.delete": {"executed_lines": [350, 351, 353, 357, 359], "summary": {"covered_lines": 5, "num_statements": 5, "percent_covered": 100.0, "percent_covered_display": "100", "missing_lines": 0, "excluded_lines": 0, "percent_statements_covered": 100.0, "percent_statements_covered_display": "100"}, "missing_lines": [], "excluded_lines": [], "start_line": 348}, "SqliteTaskRepository.complete": {"executed_lines": [363, 364, 366, 372, 374], "summary": {"covered_lines": 5, "num_statements": 5, "percent_covered": 100.0, "percent_covered_display": "100", "missing_lines": 0, "excluded_lines": 0, "percent_statements_covered": 100.0, "percent_statements_covered_display": "100"}, "missing_lines": [], "excluded_lines": [], "start_line": 361}, "SqliteTaskRepository.bulk_update": {"executed_lines": [379, 380, 382, 383, 384, 385, 387, 388, 389, 390, 391], "summary": {"covered_lines": 11, "num_statements": 11, "percent_covered": 100.0, "percent_covered_display": "100", "missing_lines": 0, "excluded_lines": 0, "percent_statements_covered": 100.0, "percent_statements_covered_display": "100"}, "missing_lines": [], "excluded_lines": [], "start_line": 376}, "SqliteTaskRepository._get_task_labels": {"executed_lines": [395, 398], "summary": {"covered_lines": 2, "num_statements": 2, "percent_covered": 100.0, "percent_covered_display": "100", "missing_lines": 0, "excluded_lines": 0, "percent_statements_covered": 100.0, "percent_statements_covered_display": "100"}, "missing_lines": [], "excluded_lines": [], "start_line": 393}, "SqliteTaskRepository._get_task_contexts": {"executed_lines": [402, 405], "summary": {"covered_lines": 2, "num_statements": 2, "percent_covered": 100.0, "percent_covered_display": "100", "missing_lines": 0, "excluded_lines": 0, "percent_statements_covered": 100.0, "percent_statements_covered_display": "100"}, "missing_lines": [], "excluded_lines": [], "start_line": 400}, "SqliteTaskRepository._set_task_labels": {"executed_lines": [410, 413, 414], "summary": {"covered_lines": 3, "num_statements": 3, "percent_covered": 100.0, "percent_covered_display": "100", "missing_lines": 0, "excluded_lines": 0, "percent_statements_covered": 100.0, "percent_statements_covered_display": "100"}, "missing_lines": [], "excluded_lines": [], "start_line": 407}, "SqliteTaskRepository._set_task_contexts": {"executed_lines": [422, 427, 428], "summary": {"covered_lines": 3, "num_statements": 3, "percent_covered": 100.0, "percent_covered_display": "100", "missing_lines": 0, "excluded_lines": 0, "percent_statements_covered": 100.0, "percent_statements_covered_display": "100"}, "missing_lines": [], "excluded_lines": [], "start_line": 419}, "": {"executed_lines": [3, 5, 6, 7, 9, 10, 11, 12, 13, 14, 15, 18, 21, 34, 35, 41, 42, 50, 91, 186, 217, 221, 279, 348, 361, 376, 393, 400, 407, 419], "summary": {"covered_lines": 30, "num_statements": 30, "percent_covered": 100.0, "percent_covered_display": "100", "missing_lines": 0, "excluded_lines": 0, "percent_statements_covered": 100.0, "percent_statements_covered_display": "100"}, "missing_lines": [], "excluded_lines": [], "start_line": 1}}, "classes": {"SqliteTaskRepository": {"executed_lines": [28, 29, 30, 31, 32, 37, 38, 39, 44, 45, 47, 48, 52, 53, 56, 57, 58, 59, 60, 61, 62, 63, 66, 67, 70, 71, 72, 73, 74, 80, 81, 84, 86, 87, 89, 93, 96, 100, 103, 104, 105, 107, 108, 109, 110, 113, 114, 115, 117, 118, 119, 121, 122, 123, 124, 126, 127, 128, 134, 135, 136, 143, 144, 145, 146, 147, 149, 152, 153, 154, 156, 157, 158, 161, 162, 165, 166, 167, 170, 171, 177, 178, 180, 181, 182, 184, 188, 190, 194, 196, 197, 199, 202, 203, 209, 210, 212, 213, 215, 219, 223, 224, 225, 228, 231, 236, 239, 244, 268, 269, 272, 273, 275, 277, 281, 282, 285, 289, 290, 293, 298, 301, 303, 304, 305, 308, 313, 314, 315, 316, 317, 318, 320, 321, 322, 323, 324, 327, 328, 329, 331, 332, 334, 337, 338, 341, 342, 344, 346, 350, 351, 353, 357, 359, 363, 364, 366, 372, 374, 379, 380, 382, 383, 384, 385, 387, 388, 389, 390, 391, 395, 398, 402, 405, 410, 413, 414, 422, 427, 428], "summary": {"covered_lines": 180, "num_statements": 181, "percent_covered": 99.4475138121547, "percent_covered_display": "99", "missing_lines": 1, "excluded_lines": 0, "percent_statements_covered": 99.4475138121547, "percent_statements_covered_display": "99"}, "missing_lines": [85], "excluded_lines": [], "start_line": 18}, "": {"executed_lines": [3, 5, 6, 7, 9, 10, 11, 12, 13, 14, 15, 18, 21, 34, 35, 41, 42, 50, 91, 186, 217, 221, 279, 348, 361, 376, 393, 400, 407, 419], "summary": {"covered_lines": 30, "num_statements": 30, "percent_covered": 100.0, "percent_covered_display": "100", "missing_lines": 0, "excluded_lines": 0, "percent_statements_covered": 100.0, "percent_statements_covered_display": "100"}, "missing_lines": [], "excluded_lines": []
[...]
mmary": {"covered_lines": 43, "num_statements": 43, "percent_covered": 100.0, "percent_covered_display": "100", "missing_lines": 0, "excluded_lines": 0, "percent_statements_covered": 100.0, "percent_statements_covered_display": "100"}, "missing_lines": [], "excluded_lines": [], "start_line": 1}}, "classes": {"": {"executed_lines": [3, 4, 5, 7, 8, 9, 11, 13, 16, 28, 29, 31, 33, 35, 36, 39, 43, 44, 45, 48, 50, 53, 60, 61, 62, 63, 66, 67, 70, 71, 72, 73, 74, 75, 78, 81, 83, 84, 85, 88, 89, 94, 95, 98, 99, 100, 102, 103, 104, 107, 109, 112, 114, 115, 116, 119, 120, 123, 126, 127, 130, 131, 132, 133, 135, 136, 137, 138, 139, 140, 142, 143, 144, 146, 149, 151, 152, 153, 155, 156, 157, 158, 159, 160, 161, 162, 164, 165, 167, 170, 172, 175, 177, 180, 182, 185, 187, 195, 202, 209, 217, 226, 241, 253, 257, 258, 259, 262, 263, 268, 269, 270, 271, 272, 273, 275, 276, 278, 279, 280, 281, 282, 283, 286, 288, 291, 297, 298, 299, 302, 304, 305, 306, 307, 308, 311, 312, 314, 316, 317, 319, 320, 323, 324, 325, 326, 329, 330, 331, 334, 335, 338, 339, 340, 343, 345, 346, 347, 348, 349, 350, 351, 352, 354, 355, 356, 358, 359, 360, 362, 365, 367, 368, 369, 372, 380, 381, 382, 384, 386, 389, 391, 396, 397, 398, 399, 401, 402, 404, 407, 409, 410, 411, 412, 414, 415, 416, 417, 419, 420, 422, 423, 425, 426, 429, 430, 431, 433, 434, 437, 438, 440, 441, 442, 444, 445, 446, 447, 448, 449, 450, 451, 454, 457, 458, 461, 462, 463, 464, 465, 466, 467, 468, 471, 472, 475, 476, 477, 478, 479, 482, 483, 484, 485, 486, 489, 490, 491, 492, 495, 497, 498, 499, 501, 502, 503, 504, 505, 506, 509, 510, 511, 512, 513, 514, 517, 520, 521, 522, 523, 524, 525, 528, 529, 530, 531, 532, 535, 536, 537, 538, 539, 540, 541, 544, 545, 546, 547, 548, 549, 552, 553, 555, 556, 557, 558, 559, 560, 563, 565, 566, 567, 568, 569, 571, 574, 577, 579, 580, 582, 585, 586, 587, 590, 592, 593, 594, 595, 596, 597, 598, 599, 600, 608, 610, 611, 612, 613, 614, 616, 617, 618, 619, 622, 624, 625, 626, 627, 628, 630, 633, 634, 636, 637, 638, 639, 642, 644, 646, 647, 649, 650, 651, 656, 657, 659, 662, 663, 664, 667, 668, 670, 673, 675, 676, 678, 680, 681, 683, 684, 685, 687, 689, 690, 691, 693, 695, 696, 697, 698, 699, 700, 701, 702, 703, 704, 707, 709, 710, 711, 712, 713, 714, 715, 716, 717, 718, 719, 720, 721, 722, 725, 727, 728, 729, 732, 734, 735, 736, 737, 738, 741, 743, 746, 748, 752, 760, 762, 763, 764, 767, 768, 771, 772, 775, 776, 779, 782, 783, 784, 785, 788, 789, 790, 793, 794, 795, 796, 799, 801, 802, 803, 804, 805, 807, 808, 809, 810, 811, 812, 813, 814, 817, 818, 819, 821], "summary": {"covered_lines": 456, "num_statements": 460, "percent_covered": 99.1304347826087, "percent_covered_display": "99", "missing_lines": 4, "excluded_lines": 0, "percent_statements_covered": 99.1304347826087, "percent_statements_covered_display": "99"}, "missing_lines": [90, 91, 264, 265], "excluded_lines": [], "start_line": 1}}}, "src/todopro_cli/utils/ui/textual_prompt.py": {"executed_lines": [7, 8, 9, 11, 12, 13, 14, 15, 17, 20, 23, 24, 25, 26, 28, 30, 31, 34, 35, 36, 37, 38, 41, 42, 45, 46, 47, 48, 49, 54, 55, 57, 60, 63, 64, 65, 66, 67, 87, 89, 92, 93, 94, 95, 96, 97, 102, 103, 106, 107, 108, 109, 110, 111, 116, 117, 120, 126, 127, 128, 129, 130, 131, 132, 133, 134, 135, 136, 137, 138, 139, 141, 144, 147, 194, 198, 199, 200, 202, 227, 254, 255, 257, 258, 260, 263, 264, 265, 266, 267, 268, 270, 271, 273, 275, 276, 278, 279, 280, 281, 283, 285, 286, 287, 290, 292, 294, 296, 299, 300, 301, 302, 303, 304, 310, 311, 312, 313, 315, 316, 318, 320, 321, 322, 324, 327, 328, 329, 338, 341, 344, 347, 348], "summary": {"covered_lines": 133, "num_statements": 161, "percent_covered": 82.6086956521739, "percent_covered_display": "83", "missing_lines": 28, "excluded_lines": 0, "percent_statements_covered": 82.6086956521739, "percent_statements_covered_display": "83"}, "missing_lines": [205, 206, 207, 209, 211, 212, 213, 214, 219, 220, 221, 230, 231, 233, 234, 236, 237, 240, 241, 242, 243, 244, 245, 246, 247, 248, 250, 252], "excluded_lines": [], "functions": {"TaskSuggester.__init__": {"executed_lines": [24, 25, 26], "summary": {"covered_lines": 3, "num_statements": 3, "percent_covered": 100.0, "percent_covered_display": "100", "missing_lines": 0, "excluded_lines": 0, "percent_statements_covered": 100.0, "percent_statements_covered_display": "100"}, "missing_lines": [], "excluded_lines": [], "start_line": 23}, "TaskSuggester.get_suggestion": {"executed_lines": [30, 31, 34, 35, 36, 37, 38, 41, 42, 45, 46, 47, 48, 49, 54, 55, 57], "summary": {"covered_lines": 17, "num_statements": 17, "percent_covered": 100.0, "percent_covered_display": "100", "missing_lines": 0, "excluded_lines": 0, "percent_statements_covered": 100.0, "percent_statements_covered_display": "100"}, "missing_lines": [], "excluded_lines": [], "start_line": 28}, "HighlightedInput.__init__": {"executed_lines": [64, 65, 66, 67, 87], "summary": {"covered_lines": 5, "num_statements": 5, "percent_covered": 100.0, "percent_covered_display": "100", "missing_lines": 0, "excluded_lines": 0, "percent_statements_covered": 100.0, "percent_statements_covered_display": "100"}, "missing_lines": [], "excluded_lines": [], "start_line": 63}, "HighlightedInput.get_suggestions": {"executed_lines": [92, 93, 94, 95, 96, 97, 102, 103, 106, 107, 108, 109, 110, 111, 116, 117, 120, 126, 127, 128, 129, 130, 131, 132, 133, 134, 135, 136, 137, 138, 139, 141], "summary": {"covered_lines": 32, "num_statements": 32, "percent_covered": 100.0, "percent_covered_display": "100", "missing_lines": 0, "excluded_lines": 0, "percent_statements_covered": 100.0, "percent_statements_covered_display": "100"}, "missing_lines": [], "excluded_lines": [], "start_line": 89}, "QuickAddApp.__init__": {"executed_lines": [198, 199, 200], "summary": {"covered_lines": 3, "num_statements": 3, "percent_covered": 100.0, "percent_covered_display": "100", "missing_lines": 0, "excluded_lines": 0, "percent_statements_covered": 100.0, "percent_statements_covered_display": "100"}, "missing_lines": [], "excluded_lines": [], "start_line": 194}, "QuickAddApp.compose": {"executed_lines": [], "summary": {"covered_lines": 0, "num_statements": 11, "percent_covered": 0.0, "percent_covered_display": "0", "missing_lines": 11, "excluded_lines": 0, "percent_statements_covered": 0.0, "percent_statements_covered_display": "0"}, "missing_lines": [205, 206, 207, 209, 211, 212, 213, 214, 219, 220, 221], "excluded_lines": [], "start_line": 202}, "QuickAddApp.on_mount": {"executed_lines": [], "summary": {"covered_lines": 0, "num_statements": 17, "percent_covered": 0.0, "percent_covered_display": "0", "missing_lines": 17, "excluded_lines": 0, "percent_statements_covered": 0.0, "percent_statements_covered_display": "0"}, "missing_lines": [230, 231, 233, 234, 236, 237, 240, 241, 242, 243, 244, 245, 246, 247, 248, 250, 252], "excluded_lines": [], "start_line": 227}, "QuickAddApp.handle_input_change": {"executed_lines": [257, 258, 260, 263, 264, 265, 266, 267, 268, 270, 271, 273], "summary": {"covered_lines": 12, "num_statements": 12, "percent_covered": 100.0, "percent_covered_display": "100", "missing_lines": 0, "excluded_lines": 0, "percent_statements_covered": 100.0, "percent_statements_covered_display": "100"}, "missing_lines": [], "excluded_lines": [], "start_line": 255}, "QuickAddApp.handle_submit": {"executed_lines": [278, 279, 280, 281], "summary": {"covered_lines": 4, "num_statements": 4, "percent_covered": 100.0, "percent_covered_display": "100", "missing_lines": 0, "excluded_lines": 0, "percent_statements_covered": 100.0, "percent_statements_covered_display": "100"}, "missing_lines": [], "excluded_lines": [], "start_line": 276}, "QuickAddApp.on_key": {"executed_lines": [285, 286, 287], "summary": {"covered_lines": 3, "num_statements": 3, "percent_covered": 100.0, "percent_covered_display": "100", "missing_lines": 0, "excluded_lines": 0, "percent_statements_covered": 100.0, "percent_statements_covered_display": "100"}, "missing_lines": [], "excluded_lines": [], "start_line": 283}, "load_cache": {"executed_lines": [292, 294, 296, 299, 300, 301, 302, 303, 304, 310, 320, 321, 322, 324, 327, 328, 329, 338], "summary": {"covered_lines": 18, "num_statements": 18, "percent_covered": 100.0, "percent_covered_display": "100", "missing_lines": 0, "excluded_lines": 0, "percent_statements_covered": 100.0, "percent_statements_covered_display": "100"}, "missing_lines": [], "excluded_lines": [], "start_line": 290}, "load_cache._fetch_data": {"executed_lines": [311, 312, 313, 315, 316, 318], "summary": {"covered_lines": 6, "num_statements": 6, "percent_covered": 100.0, "percent_covered_display": "100", "missing_lines": 0, "excluded_lines": 0, "percent_statements_covered": 100.0, "percent_statements_covered_display": "100"}, "missing_lines": [], "excluded_lines": [], "start_line": 310}, "get_interactive_input": {"executed_lines": [344, 347, 348], "summary": {"covered_lines": 3, "num_statements": 3, "percent_covered": 100.0, "percent_covered_display": "100", "missing_lines": 0, "excluded_lines": 0, "percent_statements_covered": 100.0, "percent_statements_covered_display": "100"}, "missing_lines": [], "excluded_lines": [], "start_line": 341}, "": {"executed_lines": [7, 8, 9, 11, 12, 13, 14, 15, 17, 20, 23, 28, 60, 63, 89, 144, 147, 194, 202, 227, 254, 255, 275, 276, 283, 290, 341], "summary": {"covered_lines": 27, "num_statements": 27, "percent_covered": 100.0, "percent_covered_display": "100", "missing_lines": 0, "excluded_lines": 0, "percent_statements_covered": 100.0, "percent_statements_covered_display": "100"}, "missing_lines": [], "excluded_lines": [], "start_line": 1}}, "classes": {"TaskSuggester": {"executed_lines": [24, 25, 26, 30, 31, 34, 35, 36, 37, 38, 41, 42, 45, 46, 47, 48, 49, 54, 55, 57], "summary": {"covered_lines": 20, "num_statements": 20, "percent_covered": 100.0, "percent_covered_display": "100", "missing_lines": 0, "excluded_lines": 0, "percent_statements_covered": 100.0, "percent_statements_covered_display": "100"}, "missing_lines": [], "excluded_lines": [], "start_line": 20}, "HighlightedInput": {"executed_lines": [64, 65, 66, 67, 87, 92, 93, 94, 95, 96, 97, 102, 103, 106, 107, 108, 109, 110, 111, 116, 117, 120, 126, 127, 128, 129, 130, 131, 132, 133, 134, 135, 136, 137, 138, 139, 141], "summary": {"covered_lines": 37, "num_statements": 37, "percent_covered": 100.0, "percent_covered_display": "100", "missing_lines": 0, "excluded_lines": 0, "percent_statements_covered": 100.0, "percent_statements_covered_display": "100"}, "missing_lines": [], "excluded_lines": [], "start_line": 60}, "QuickAddApp": {"executed_lines": [198, 199, 200, 257, 258, 260, 263, 264, 265, 266, 267, 268, 270, 271, 273, 278, 279, 280, 281, 285, 286, 287], "summary": {"covered_lines": 22, "num_statements": 50, "percent_covered": 44.0, "percent_covered_display": "44", "missing_lines": 28, "excluded_lines": 0, "percent_statements_covered": 44.0, "percent_statements_covered_display": "44"}, "missing_lines": [205, 206, 207, 209, 211, 212, 213, 214, 219, 220, 221, 230, 231, 233, 234, 236, 237, 240, 241, 242, 243, 244, 245, 246, 247, 248, 250, 252], "excluded_lines": [], "start_line": 144}, "": {"executed_lines": [7, 8, 9, 11, 12, 13, 14, 15, 17, 20, 23, 28, 60, 63, 89, 144, 147, 194, 202, 227, 254, 255, 275, 276, 283, 290, 292, 294, 296, 299, 300, 301, 302, 303, 304, 310, 311, 312, 313, 315, 316, 318, 320, 321, 322, 324, 327, 328, 329, 338, 341, 344, 347, 348], "summary": {"covered_lines": 54, "num_statements": 54, "percent_covered": 100.0, "percent_covered_display": "100", "missing_lines": 0, "excluded_lines": 0, "percent_statements_covered": 100.0, "percent_statements_covered_display": "100"}, "missing_lines": [], "excluded_lines": [], "start_line": 1}}}, "src/todopro_cli/utils/update_checker.py": {"executed_lines": [3, 4, 5, 6, 8, 9, 10, 12, 14, 15, 17, 18, 21, 30, 31, 34, 35, 36, 37, 38, 39, 40, 43, 44, 45, 48, 49, 51, 52, 57, 59, 62, 63, 66, 69, 75, 78, 79, 80, 82, 83, 84, 85, 88, 89, 90, 91, 93, 94, 99, 100, 101, 102, 105, 111, 112, 113, 114, 117, 130, 131, 132, 135, 136, 137, 139, 140, 141, 142, 143, 144, 147, 148, 149, 150, 151, 152, 154, 155, 156, 157, 158, 159, 160, 161, 162, 163, 164, 165, 166, 169, 170, 171, 172, 173, 174, 175, 176, 179], "summary": {"covered_lines": 99, "num_statements": 99, "percent_covered": 100.0, "percent_covered_display": "100", "missing_lines": 0, "excluded_lines": 0, "percent_statements_covered": 100.0, "percent_statements_covered_display": "100"}, "missing_lines": [], "excluded_lines": [], "functions": {"check_for_updates": {"executed_lines": [30, 31, 34, 35, 36, 37, 38, 39, 40, 43, 44, 45, 48, 49, 51, 52, 57, 59, 62, 63, 66], "summary": {"covered_lines": 21, "num_statements": 21, "percent_covered": 100.0, "percent_covered_display": "100", "missing_lines": 0, "excluded_lines": 0, "percent_statements_covered": 100.0, "percent_statements_covered_display": "100"}, "missing_lines": [], "excluded_lines": [], "start_line": 21}, "get_latest_version": {"executed_lines": [75, 78, 79, 80, 82, 83, 84, 85, 88, 89, 90, 91, 93, 94, 99, 100, 101, 102], "summary": {"covered_lines": 18, "num_statements": 18, "percent_covered": 100.0, "percent_covered_display": "100", "missing_lines": 0, "excluded_lines": 0, "percent_statements_covered": 100.0, "percent_statements_covered_display": "100"}, "missing_lines": [], "excluded_lines": [], "start_line": 69}, "is_update_available": {"executed_lines": [111, 112, 113, 114], "summary": {"covered_lines": 4, "num_statements": 4, "percent_covered": 100.0, "percent_covered_display": "100", "missing_lines": 0, "excluded_lines": 0, "percent_statements_covered": 100.0, "percent_statements_covered_display": "100"}, "missing_lines": [], "excluded_lines": [], "start_line": 105}, "get_backend_url": {"executed_lines": [130, 131, 132, 135, 136, 137, 139, 140, 141, 142, 143, 144, 147, 148, 149, 150, 151, 152, 154, 155, 156, 157, 158, 159, 160, 161, 162, 163, 164, 165, 166, 169, 170, 171, 172, 173, 174, 175, 176, 179], "summary": {"covered_lines": 40, "num_statements": 40, "percent_covered": 100.0, "percent_covered_display": "100", "missing_lines": 0, "excluded_lines": 0, "percent_statements_covered": 100.0, "percent_statements_covered_display": "100"}, "missing_lines": [], "excluded_lines": [], "start_line": 117}, "": {"executed_lines": [3, 4, 5, 6, 8, 9, 10, 12, 14, 15, 17, 18, 21, 69, 105, 117], "summary": {"covered_lines": 16, "num_statements": 16, "percent_covered": 100.0, "percent_covered_display": "100", "missing_lines": 0, "excluded_lines": 0, "percent_statements_covered": 100.0, "percent_statements_covered_display": "100"}, "missing_lines": [], "excluded_lines": [], "start_line": 1}}, "classes": {"": {"executed_lines": [3, 4, 5, 6, 8, 9, 10, 12, 14, 15, 17, 18, 21, 30, 31, 34, 35, 36, 37, 38, 39, 40, 43, 44, 45, 48, 49, 51, 52, 57, 59, 62, 63, 66, 69, 75, 78, 79, 80, 82, 83, 84, 85, 88, 89, 90, 91, 93, 94, 99, 100, 101, 102, 105, 111, 112, 113, 114, 117, 130, 131, 132, 135, 136, 137, 139, 140, 141, 142, 143, 144, 147, 148, 149, 150, 151, 152, 154, 155, 156, 157, 158, 159, 160, 161, 162, 163, 164, 165, 166, 169, 170, 171, 172, 173, 174, 175, 176, 179], "summary": {"covered_lines": 99, "num_statements": 99, "percent_covered": 100.0, "percent_covered_display": "100", "missing_lines": 0, "excluded_lines": 0, "percent_statements_covered": 100.0, "percent_statements_covered_display": "100"}, "missing_lines": [], "excluded_lines": [], "start_line": 1}}}, "src/todopro_cli/utils/uuid_utils.py": {"executed_lines": [6, 8, 9, 15, 21, 26, 35, 36, 37, 40, 49, 52, 62, 65, 74, 77, 94, 97, 99, 100, 101, 102, 105, 106, 112, 114, 116, 117, 119, 121, 122, 123, 124, 128, 131, 147, 149, 150, 151, 152, 153, 155, 156, 161, 163, 165, 166, 168, 169, 170, 171, 172, 176, 179, 192, 193, 195, 196, 198, 199, 201], "summary": {"covered_lines": 61, "num_statements": 61, "percent_covered": 100.0, "percent_covered_display": "100", "missing_lines": 0, "excluded_lines": 2, "percent_statements_covered": 100.0, "percent_statements_covered_display": "100"}, "missing_lines": [], "excluded_lines": [11, 12], "functions": {"is_valid_uuid": {"executed_lines": [35, 36, 37], "summary": {"covered_lines": 3, "num_statements": 3, "percent_covered": 100.0, "percent_covered_display": "100", "missing_lines": 0, "excluded_lines": 0, "percent_statements_covered": 100.0, "percent_statements_covered_display": "100"}, "missing_lines": [], "excluded_lines": [], "start_line": 26}, "is_full_uuid": {"executed_lines": [49], "summary": {"covered_lines": 1, "num_statements": 1, "percent_covered": 100.0, "percent_covered_display": "100", "missing_lines": 0, "excluded_lines": 0, "percent_statements_covered": 100.0, "percent_statements_covered_display": "100"}, "missing_lines": [], "excluded_lines": [], "start_line": 40}, "shorten_uuid": {"executed_lines": [62], "summary": {"covered_lines": 1, "num_statements": 1, "percent_covered": 100.0, "percent_covered_display": "100", "missing_lines": 0, "excluded_lines": 0, "percent_statements_covered": 100.0, "percent_statements_covered_display": "100"}, "missing_lines": [], "excluded_lines": [], "start_line": 52}, "format_uuid_short": {"executed_lines": [74], "summary": {"covered_lines": 1, "num_statements": 1, "percent_covered": 100.0, "percent_covered_display": "100", "missing_lines": 0, "excluded_lines": 0, "percent_statements_covered": 100.0, "percent_statements_covered_display": "100"}, "missing_lines": [], "excluded_lines": [], "start_line": 65}, "resolve_task_uuid": {"executed_lines": [94, 97, 99, 100, 101, 102, 105, 106, 112, 114, 116, 117, 119, 121, 122, 123, 124, 128], "summary": {"covered_lines": 18, "num_statements": 18, "percent_covered": 100.0, "percent_covered_display": "100", "missing_lines": 0, "excluded_lines": 0, "percent_statements_covered": 100.0, "percent_statements_covered_display": "100"}, "missing_lines": [], "excluded_lines": [], "start_line": 77}, "resolve_project_uuid": {"executed_lines": [147, 149, 150, 151, 152, 153, 155, 156, 161, 163, 165, 166, 168, 169, 170, 171, 172, 176], "summary": {"covered_lines": 18, "num_statements": 18, "percent_covered": 100.0, "percent_covered_display": "100", "missing_lines": 0, "excluded_lines": 0, "percent_statements_covered": 100.0, "percent_statements_covered_display": "100"}, "missing_lines": [], "excluded_lines": [], "start_line": 131}, "validate_uuid_field": {"executed_lines": [192, 193, 195, 196, 198, 199, 201], "summary": {"covered_lines": 7, "num_statements": 7, "percent_covered": 100.0, "percent_covered_display": "100", "missing_lines": 0, "excluded_lines": 0, "percent_statements_covered": 100.0, "percent_statements_covered_display": "100"}, "missing_lines": [], "excluded_lines": [], "start_line": 179}, "": {"executed_lines": [6, 8, 9, 15, 21, 26, 40, 52, 65, 77, 131, 179], "summary": {"covered_lines": 12, "num_statements": 12, "percent_covered": 100.0, "percent_covered_display": "100", "missing_lines": 0, "excluded_lines": 2, "percent_statements_covered": 100.0, "percent_statements_covered_display": "100"}, "missing_lines": [], "excluded_lines": [11, 12], "start_line": 1}}, "classes": {"": {"executed_lines": [6, 8, 9, 15, 21, 26, 35, 36, 37, 40, 49, 52, 62, 65, 74, 77, 94, 97, 99, 100, 101, 102, 105, 106, 112, 114, 116, 117, 119, 121, 122, 123, 124, 128, 131, 147, 149, 150, 151, 152, 153, 155, 156, 161, 163, 165, 166, 168, 169, 170, 171, 172, 176, 179, 192, 193, 195, 196, 198, 199, 201], "summary": {"covered_lines": 61, "num_statements": 61, "percent_covered": 100.0, "percent_covered_display": "100", "missing_lines": 0, "excluded_lines": 2, "percent_statements_covered": 100.0, "percent_statements_covered_display": "100"}, "missing_lines": [], "excluded_lines": [11, 12], "start_line": 1}}}}, "totals": {"covered_lines": 10908, "num_statements": 11122, "percent_covered": 98.07588563208056, "percent_covered_display": "98", "missing_lines": 214, "excluded_lines": 2, "percent_statements_covered": 98.07588563208056, "percent_statements_covered_display": "98"}}